19:32:02.215 [main] INFO  - Storing error message into excel sheet.........
23:09:15.678 [main] INFO  - [TestNG] Running:
  C:\Users\2327132\eclipse-workspace\2327132_Bindu_Identify_Courses\testng.xml

23:09:25.119 [main] INFO  - Opened application with provided URL.........
23:09:25.370 [main] INFO  - Entering the text('Web development') in search box ..........
23:09:25.371 [main] INFO  - Clicking on search button.........
23:09:29.647 [main] INFO  - Applying  English language filter.........
23:09:30.481 [main] INFO  - Applying Beginner level filter.........
23:09:30.826 [main] INFO  - The list of courses will appear.........
23:09:30.836 [main] INFO  - Clicking on the first course.........
23:09:32.222 [main] INFO  - Navigating to new window for first course.........
23:09:35.726 [main] INFO  - Collecting the details like title,rating,duration of course in hours.........
23:09:36.194 [main] INFO  - Storing first course data into excel sheet.........
23:09:37.509 [main] INFO  - Navigating back to parent window from child window.........
23:09:37.857 [main] INFO  - Clicking on the second course.........
23:09:38.314 [main] INFO  - Navigating to new window for second course.........
23:09:41.134 [main] INFO  - Collecting the details like title,rating,duration of course in hours.........
23:09:41.562 [main] INFO  - Storing second course data into excel sheet.........
23:09:42.173 [main] INFO  - Navigating back to parent window from child window.........
23:09:52.670 [main] INFO  - Opened application with provided URL.........
23:09:52.899 [main] INFO  - Clicking on explore.........
23:09:53.109 [main] INFO  - Going to language learning subject.........
23:09:53.312 [main] INFO  - Clicking on 'All Language Course'.........
23:09:57.456 [main] INFO  - New page will be loaded.........
23:09:57.678 [main] INFO  - Clicking on show more button under language section.........
23:09:58.098 [main] INFO  - Collecting all languages.........
23:09:58.862 [main] INFO  - Storing all languages in excel sheet.........
23:10:00.178 [main] INFO  - Clicking on close button.........
23:10:00.429 [main] INFO  - Collecting all levels .........
23:10:00.705 [main] INFO  - Storing all levels in excel sheet.........
23:10:16.379 [main] INFO  - User in bussiness page.........
23:10:16.713 [main] INFO  - Clicking on contact sales in bussiness page.........
23:10:16.747 [main] INFO  - Form will appear.........
23:10:17.083 [main] INFO  - Filling the form with any one  invalid input.........
23:10:17.083 [main] INFO  - After filling the form click on submit.........
23:10:18.679 [main] INFO  - Error message will be displayed.........
23:10:18.679 [main] INFO  - Getting that error message.........
23:10:18.918 [main] INFO  - Storing error message into excel sheet.........
23:17:04.551 [main] INFO  - Opened application with provided URL.........
23:17:04.775 [main] INFO  - Clicking on explore.........
23:17:04.985 [main] INFO  - Going to language learning subject.........
23:17:05.179 [main] INFO  - Clicking on 'All Language Course'.........
23:17:09.993 [main] INFO  - New page will be loaded.........
23:17:11.118 [main] INFO  - Clicking on show more button under language section.........
23:17:11.543 [main] INFO  - Collecting all languages.........
23:17:12.416 [main] INFO  - Storing all languages in excel sheet.........
23:17:14.485 [main] INFO  - Clicking on close button.........
23:17:14.726 [main] INFO  - Collecting all levels .........
23:17:15.047 [main] INFO  - Storing all levels in excel sheet.........
23:18:53.914 [main] INFO  - Opened application with provided URL.........
23:18:54.194 [main] INFO  - Entering the text('Web development') in search box ..........
23:18:54.194 [main] INFO  - Clicking on search button.........
23:18:58.137 [main] INFO  - Applying  English language filter.........
23:18:58.534 [main] INFO  - Applying Beginner level filter.........
23:18:58.970 [main] INFO  - The list of courses will appear.........
23:18:58.970 [main] INFO  - Clicking on the first course.........
23:19:00.692 [main] INFO  - Navigating to new window for first course.........
23:19:03.895 [main] INFO  - Collecting the details like title,rating,duration of course in hours.........
23:19:04.347 [main] INFO  - Storing first course data into excel sheet.........
23:19:05.596 [main] INFO  - Navigating back to parent window from child window.........
23:19:05.887 [main] INFO  - Clicking on the second course.........
23:19:06.218 [main] INFO  - Navigating to new window for second course.........
23:19:08.937 [main] INFO  - Collecting the details like title,rating,duration of course in hours.........
23:19:09.247 [main] INFO  - Storing second course data into excel sheet.........
23:19:09.947 [main] INFO  - Navigating back to parent window from child window.........
23:19:48.331 [main] INFO  - User in bussiness page.........
23:19:48.751 [main] INFO  - Clicking on contact sales in bussiness page.........
23:19:48.794 [main] INFO  - Form will appear.........
23:19:49.148 [main] INFO  - Filling the form with any one  invalid input.........
23:19:49.148 [main] INFO  - After filling the form click on submit.........
23:19:51.694 [main] INFO  - Error message will be displayed.........
23:19:51.694 [main] INFO  - Getting that error message.........
23:19:51.898 [main] INFO  - Storing error message into excel sheet.........
23:43:49.146 [main] INFO  - [TestNG] Running:
  C:\Users\2327132\eclipse-workspace\2327132_Bindu_Identify_Courses\testng.xml

23:43:56.007 [main] INFO  - Opened application with provided URL.........
23:43:56.222 [main] INFO  - Entering the text('Web development') in search box ..........
23:43:56.222 [main] INFO  - Clicking on search button.........
23:44:00.198 [main] INFO  - Applying  English language filter.........
23:44:00.544 [main] INFO  - Applying Beginner level filter.........
23:44:00.775 [main] INFO  - The list of courses will appear.........
23:44:00.775 [main] INFO  - Clicking on the first course.........
23:44:02.221 [main] INFO  - Navigating to new window for first course.........
23:44:05.226 [main] INFO  - Collecting the details like title,rating,duration of course in hours.........
23:44:05.542 [main] INFO  - Storing first course data into excel sheet.........
23:44:06.447 [main] INFO  - Navigating back to parent window from child window.........
23:44:06.673 [main] INFO  - Clicking on the second course.........
23:44:06.943 [main] INFO  - Navigating to new window for second course.........
23:44:09.513 [main] INFO  - Collecting the details like title,rating,duration of course in hours.........
23:44:09.772 [main] INFO  - Storing second course data into excel sheet.........
23:44:10.221 [main] INFO  - Navigating back to parent window from child window.........
23:44:20.519 [main] INFO  - Opened application with provided URL.........
23:44:20.693 [main] INFO  - Clicking on explore.........
23:44:20.939 [main] INFO  - Going to language learning subject.........
23:44:21.078 [main] INFO  - Clicking on 'All Language Course'.........
23:44:25.166 [main] INFO  - New page will be loaded.........
23:44:25.325 [main] INFO  - Clicking on show more button under language section.........
23:44:25.549 [main] INFO  - Collecting all languages.........
23:44:26.217 [main] INFO  - Storing all languages in excel sheet.........
23:44:27.282 [main] INFO  - Clicking on close button.........
23:44:27.457 [main] INFO  - Collecting all levels .........
23:44:27.660 [main] INFO  - Storing all levels in excel sheet.........
23:44:41.885 [main] INFO  - User in bussiness page.........
23:44:42.120 [main] INFO  - Clicking on contact sales in bussiness page.........
23:44:42.141 [main] INFO  - Form will appear.........
23:44:42.394 [main] INFO  - Filling the form with any one  invalid input.........
23:44:42.394 [main] INFO  - After filling the form click on submit.........
23:44:43.594 [main] INFO  - Error message will be displayed.........
23:44:43.594 [main] INFO  - Getting that error message.........
23:44:43.814 [main] INFO  - Storing error message into excel sheet.........
19:51:40.501 [main] INFO  - [TestNG] Running:
  C:\Users\2327132\eclipse-workspace\2327132_Bindu_Identify_Courses\testng.xml

19:51:50.697 [main] INFO  - Opened application with provided URL.........
19:51:50.876 [main] INFO  - Entering the text('Web development') in search box ..........
19:51:50.876 [main] INFO  - Clicking on search button.........
19:51:54.531 [main] INFO  - Applying  English language filter.........
19:51:54.912 [main] INFO  - Applying Beginner level filter.........
19:51:55.174 [main] INFO  - The list of courses will appear.........
19:51:55.174 [main] INFO  - Clicking on the first course.........
19:51:56.260 [main] INFO  - Navigating to new window for first course.........
19:51:59.296 [main] INFO  - Collecting the details like title,rating,duration of course in hours.........
19:51:59.676 [main] INFO  - Storing first course data into excel sheet.........
19:52:00.981 [main] INFO  - Navigating back to parent window from child window.........
19:52:01.216 [main] INFO  - Clicking on the second course.........
19:52:01.484 [main] INFO  - Navigating to new window for second course.........
19:52:04.114 [main] INFO  - Collecting the details like title,rating,duration of course in hours.........
19:52:04.406 [main] INFO  - Storing second course data into excel sheet.........
19:52:04.816 [main] INFO  - Navigating back to parent window from child window.........
19:52:15.753 [main] INFO  - Opened application with provided URL.........
19:52:15.956 [main] INFO  - Clicking on explore.........
19:52:16.132 [main] INFO  - Going to language learning subject.........
19:52:16.278 [main] INFO  - Clicking on 'All Language Course'.........
19:52:19.936 [main] INFO  - New page will be loaded.........
19:52:20.108 [main] INFO  - Clicking on show more button under language section.........
19:52:20.479 [main] INFO  - Collecting all languages.........
19:52:21.083 [main] INFO  - Storing all languages in excel sheet.........
19:52:22.268 [main] INFO  - Clicking on close button.........
19:52:22.473 [main] INFO  - Collecting all levels .........
19:52:22.713 [main] INFO  - Storing all levels in excel sheet.........
19:52:40.714 [main] INFO  - User in bussiness page.........
19:52:41.018 [main] INFO  - Clicking on contact sales in bussiness page.........
19:52:41.039 [main] INFO  - Form will appear.........
19:52:41.254 [main] INFO  - Filling the form with any one  invalid input.........
19:52:41.254 [main] INFO  - After filling the form click on submit.........
19:52:42.780 [main] INFO  - Error message will be displayed.........
19:52:42.780 [main] INFO  - Getting that error message.........
19:52:42.990 [main] INFO  - Storing error message into excel sheet.........
19:58:43.886 [main] INFO  - [TestNG] Running:
  C:\Users\2327132\eclipse-workspace\2327132_Bindu_Identify_Courses\testng.xml

19:59:39.861 [main] INFO  - [TestNG] Running:
  C:\Users\2327132\eclipse-workspace\2327132_Bindu_Identify_Courses\testng.xml

20:01:02.335 [main] INFO  - [TestNG] Running:
  C:\Users\2327132\eclipse-workspace\2327132_Bindu_Identify_Courses\testng.xml

20:23:30.500 [main] INFO  - [TestNG] Running:
  C:\Users\2327132\eclipse-workspace\2327132_Bindu_Identify_Courses\testng.xml

20:23:44.822 [main] INFO  - Opened application with provided URL.........
20:23:45.043 [main] INFO  - Entering the text('Web development') in search box ..........
20:23:45.044 [main] INFO  - Clicking on search button.........
20:23:51.244 [main] INFO  - Applying  English language filter.........
20:23:51.776 [main] INFO  - Applying Beginner level filter.........
20:23:52.816 [main] INFO  - The list of courses will appear.........
20:23:52.816 [main] INFO  - Clicking on the first course.........
20:23:54.201 [main] INFO  - Navigating to new window for first course.........
20:24:38.867 [main] INFO  - Collecting the details like title,rating,duration of course in hours.........
20:24:39.356 [main] INFO  - Storing first course data into excel sheet.........
20:24:40.536 [main] INFO  - Navigating back to parent window from child window.........
20:24:40.807 [main] INFO  - Clicking on the second course.........
20:24:41.101 [main] INFO  - Navigating to new window for second course.........
20:24:44.820 [main] INFO  - Collecting the details like title,rating,duration of course in hours.........
20:24:45.276 [main] INFO  - Storing second course data into excel sheet.........
20:24:45.903 [main] INFO  - Navigating back to parent window from child window.........
23:46:52.802 [main] INFO  - [TestNG] Running:
  C:\Users\2327132\eclipse-workspace\2327132_Bindu_Identify_Courses\testng.xml

23:47:01.930 [main] INFO  - Opened application with provided URL.........
23:47:02.164 [main] INFO  - Entering the text('Web development') in search box ..........
23:47:02.165 [main] INFO  - Clicking on search button.........
23:47:06.296 [main] INFO  - Applying  English language filter.........
23:47:06.980 [main] INFO  - Applying Beginner level filter.........
23:47:07.348 [main] INFO  - The list of courses will appear.........
23:47:07.348 [main] INFO  - Clicking on the first course.........
23:47:08.743 [main] INFO  - Navigating to new window for first course.........
23:47:11.795 [main] INFO  - Collecting the details like title,rating,duration of course in hours.........
23:47:12.270 [main] INFO  - Storing first course data into excel sheet.........
23:47:13.621 [main] INFO  - Navigating back to parent window from child window.........
23:47:13.908 [main] INFO  - Clicking on the second course.........
23:47:14.283 [main] INFO  - Navigating to new window for second course.........
23:47:17.793 [main] INFO  - Collecting the details like title,rating,duration of course in hours.........
23:47:18.168 [main] INFO  - Storing second course data into excel sheet.........
23:47:18.599 [main] INFO  - Navigating back to parent window from child window.........
23:47:35.224 [main] INFO  - Opened application with provided URL.........
23:47:35.433 [main] INFO  - Clicking on explore.........
23:47:35.610 [main] INFO  - Going to language learning subject.........
23:47:35.795 [main] INFO  - Clicking on 'All Language Course'.........
23:47:39.973 [main] INFO  - New page will be loaded.........
23:47:40.187 [main] INFO  - Clicking on show more button under language section.........
23:47:40.541 [main] INFO  - Collecting all languages.........
23:47:41.397 [main] INFO  - Storing all languages in excel sheet.........
23:47:42.873 [main] INFO  - Clicking on close button.........
23:47:43.090 [main] INFO  - Collecting all levels .........
23:47:43.318 [main] INFO  - Storing all levels in excel sheet.........
23:47:59.293 [main] INFO  - User in bussiness page.........
23:47:59.592 [main] INFO  - Clicking on contact sales in bussiness page.........
23:47:59.621 [main] INFO  - Form will appear.........
23:47:59.902 [main] INFO  - Filling the form with any one  invalid input.........
23:47:59.902 [main] INFO  - After filling the form click on submit.........
23:48:01.458 [main] INFO  - Error message will be displayed.........
23:48:01.459 [main] INFO  - Getting that error message.........
23:48:01.656 [main] INFO  - Storing error message into excel sheet.........
23:49:49.849 [main] INFO  - [TestNG] Running:
  C:\Users\2327132\eclipse-workspace\2327132_Bindu_Identify_Courses\testng.xml

23:49:57.592 [main] INFO  - Opened application with provided URL.........
23:49:57.902 [main] INFO  - Entering the text('Web development') in search box ..........
23:49:57.902 [main] INFO  - Clicking on search button.........
23:50:02.678 [main] INFO  - Applying  English language filter.........
23:50:03.110 [main] INFO  - Applying Beginner level filter.........
23:50:03.589 [main] INFO  - The list of courses will appear.........
23:50:03.589 [main] INFO  - Clicking on the first course.........
23:50:04.678 [main] INFO  - Navigating to new window for first course.........
23:50:08.920 [main] INFO  - Collecting the details like title,rating,duration of course in hours.........
23:50:09.319 [main] INFO  - Storing first course data into excel sheet.........
23:50:10.446 [main] INFO  - Navigating back to parent window from child window.........
23:50:10.752 [main] INFO  - Clicking on the second course.........
23:50:11.122 [main] INFO  - Navigating to new window for second course.........
23:50:13.988 [main] INFO  - Collecting the details like title,rating,duration of course in hours.........
23:50:14.376 [main] INFO  - Storing second course data into excel sheet.........
23:50:15.109 [main] INFO  - Navigating back to parent window from child window.........
23:50:26.459 [main] INFO  - Opened application with provided URL.........
23:50:26.621 [main] INFO  - Clicking on explore.........
23:50:26.750 [main] INFO  - Going to language learning subject.........
23:50:27.033 [main] INFO  - Clicking on 'All Language Course'.........
23:50:32.387 [main] INFO  - New page will be loaded.........
23:50:32.606 [main] INFO  - Clicking on show more button under language section.........
23:50:33.083 [main] INFO  - Collecting all languages.........
23:50:33.749 [main] INFO  - Storing all languages in excel sheet.........
23:50:35.490 [main] INFO  - Clicking on close button.........
23:50:35.763 [main] INFO  - Collecting all levels .........
23:50:36.146 [main] INFO  - Storing all levels in excel sheet.........
23:50:56.052 [main] INFO  - User in bussiness page.........
23:50:56.350 [main] INFO  - Clicking on contact sales in bussiness page.........
23:50:56.381 [main] INFO  - Form will appear.........
23:50:56.662 [main] INFO  - Filling the form with any one  invalid input.........
23:50:56.662 [main] INFO  - After filling the form click on submit.........
23:50:58.381 [main] INFO  - Error message will be displayed.........
23:50:58.381 [main] INFO  - Getting that error message.........
23:50:58.572 [main] INFO  - Storing error message into excel sheet.........
06:06:29.865 [main] INFO  - [TestNG] Running:
  C:\Users\2327132\eclipse-workspace\2327132_Bindu_Identify_Courses\testng.xml

06:06:46.036 [main] INFO  - Opened application with provided URL.........
06:06:46.503 [main] INFO  - Entering the text('Web development') in search box ..........
06:06:46.503 [main] INFO  - Clicking on search button.........
06:06:50.649 [main] INFO  - Applying  English language filter.........
06:06:52.514 [main] INFO  - Applying Beginner level filter.........
06:06:53.741 [main] INFO  - The list of courses will appear.........
06:06:53.742 [main] INFO  - Clicking on the first course.........
06:06:55.165 [main] INFO  - Navigating to new window for first course.........
06:06:59.731 [main] INFO  - Collecting the details like title,rating,duration of course in hours.........
06:07:00.787 [main] INFO  - Storing first course data into excel sheet.........
06:07:02.826 [main] INFO  - Navigating back to parent window from child window.........
06:07:03.258 [main] INFO  - Clicking on the second course.........
06:07:03.784 [main] INFO  - Navigating to new window for second course.........
06:07:07.192 [main] INFO  - Collecting the details like title,rating,duration of course in hours.........
06:07:08.403 [main] INFO  - Storing second course data into excel sheet.........
06:07:08.982 [main] INFO  - Navigating back to parent window from child window.........
06:07:22.524 [main] INFO  - Opened application with provided URL.........
06:07:22.819 [main] INFO  - Clicking on explore.........
06:07:23.860 [main] INFO  - Going to language learning subject.........
06:07:24.169 [main] INFO  - Clicking on 'All Language Course'.........
06:07:29.786 [main] INFO  - New page will be loaded.........
06:07:30.160 [main] INFO  - Clicking on show more button under language section.........
06:07:30.783 [main] INFO  - Collecting all languages.........
06:07:31.823 [main] INFO  - Storing all languages in excel sheet.........
06:07:34.307 [main] INFO  - Clicking on close button.........
06:07:34.700 [main] INFO  - Collecting all levels .........
06:07:35.173 [main] INFO  - Storing all levels in excel sheet.........
06:07:53.557 [main] INFO  - User in bussiness page.........
06:07:53.981 [main] INFO  - Clicking on contact sales in bussiness page.........
06:07:54.023 [main] INFO  - Form will appear.........
06:07:54.411 [main] INFO  - Filling the form with any one  invalid input.........
06:07:54.411 [main] INFO  - After filling the form click on submit.........
06:07:56.909 [main] INFO  - Error message will be displayed.........
06:07:56.910 [main] INFO  - Getting that error message.........
06:07:57.178 [main] INFO  - Storing error message into excel sheet.........
14:20:15.192 [main] INFO  - [TestNG] Running:
  C:\Users\2327132\eclipse-workspace\2327132_Bindu_Identify_Courses\testng.xml

14:20:25.709 [main] INFO  - Opened application with provided URL.........
14:20:26.028 [main] INFO  - Entering the text('Web development') in search box ..........
14:20:26.028 [main] INFO  - Clicking on search button.........
14:20:51.425 [main] INFO  - Applying  English language filter.........
14:20:51.887 [main] INFO  - Applying Beginner level filter.........
14:20:52.154 [main] INFO  - The list of courses will appear.........
14:20:52.154 [main] INFO  - Clicking on the first course.........
14:20:53.274 [main] INFO  - Navigating to new window for first course.........
14:21:16.153 [main] INFO  - Collecting the details like title,rating,duration of course in hours.........
14:21:16.416 [main] INFO  - Storing first course data into excel sheet.........
14:21:17.509 [main] INFO  - Navigating back to parent window from child window.........
14:21:17.735 [main] INFO  - Clicking on the second course.........
14:21:18.014 [main] INFO  - Navigating to new window for second course.........
14:21:27.334 [main] INFO  - Collecting the details like title,rating,duration of course in hours.........
14:21:27.592 [main] INFO  - Storing second course data into excel sheet.........
14:21:28.115 [main] INFO  - Navigating back to parent window from child window.........
14:21:48.672 [main] INFO  - Opened application with provided URL.........
14:21:48.832 [main] INFO  - Clicking on explore.........
14:21:48.969 [main] INFO  - Going to language learning subject.........
14:21:49.117 [main] INFO  - Clicking on 'All Language Course'.........
14:22:00.226 [main] INFO  - New page will be loaded.........
14:22:00.501 [main] INFO  - Clicking on show more button under language section.........
14:22:00.914 [main] INFO  - Collecting all languages.........
14:22:01.493 [main] INFO  - Storing all languages in excel sheet.........
14:22:02.630 [main] INFO  - Clicking on close button.........
14:22:02.795 [main] INFO  - Collecting all levels .........
14:22:03.013 [main] INFO  - Storing all levels in excel sheet.........
14:22:59.787 [main] INFO  - User in bussiness page.........
14:23:00.014 [main] INFO  - Clicking on contact sales in bussiness page.........
14:23:00.042 [main] INFO  - Form will appear.........
14:23:00.279 [main] INFO  - Filling the form with any one  invalid input.........
14:23:00.279 [main] INFO  - After filling the form click on submit.........
14:23:01.421 [main] INFO  - Error message will be displayed.........
14:23:01.421 [main] INFO  - Getting that error message.........
14:23:01.614 [main] INFO  - Storing error message into excel sheet.........
15:16:47.914 [main] INFO  - [TestNG] Running:
  C:\Users\2327132\eclipse-workspace\2327132_Bindu_Identify_Courses\testng.xml

15:17:02.864 [main] INFO  - Opened application with provided URL.........
15:17:03.330 [main] INFO  - Entering the text('Web development') in search box ..........
15:17:03.330 [main] INFO  - Clicking on search button.........
15:17:09.163 [main] INFO  - Applying  English language filter.........
15:17:10.172 [main] INFO  - Applying Beginner level filter.........
15:17:10.734 [main] INFO  - The list of courses will appear.........
15:17:10.736 [main] INFO  - Clicking on the first course.........
15:17:12.456 [main] INFO  - Navigating to new window for first course.........
15:17:16.197 [main] INFO  - Collecting the details like title,rating,duration of course in hours.........
15:17:16.827 [main] INFO  - Storing first course data into excel sheet.........
15:17:19.069 [main] INFO  - Navigating back to parent window from child window.........
15:17:19.476 [main] INFO  - Clicking on the second course.........
15:17:19.943 [main] INFO  - Navigating to new window for second course.........
15:17:24.749 [main] INFO  - Collecting the details like title,rating,duration of course in hours.........
15:17:25.639 [main] INFO  - Storing second course data into excel sheet.........
15:17:26.611 [main] INFO  - Navigating back to parent window from child window.........
