00:00:14.064 [main] INFO  - Opened application with provided URL.........
00:00:14.394 [main] INFO  - Entering the text('Web development') in search box ..........
00:00:14.395 [main] INFO  - Clicking on search button.........
00:00:18.390 [main] INFO  - Applying  English language filter.........
00:00:19.448 [main] INFO  - Applying Beginner level filter.........
00:00:19.786 [main] INFO  - The list of courses will appear.........
00:00:19.786 [main] INFO  - Clicking on the first course.........
00:00:21.198 [main] INFO  - Navigating to new window for first course.........
00:00:24.707 [main] INFO  - Collecting the details like title,rating,duration of course in hours.........
00:00:25.399 [main] INFO  - Storing first course data into excel sheet.........
00:00:26.661 [main] INFO  - Navigating back to parent window from child window.........
00:00:26.949 [main] INFO  - Clicking on the second course.........
00:00:27.313 [main] INFO  - Navigating to new window for second course.........
00:00:30.381 [main] INFO  - Collecting the details like title,rating,duration of course in hours.........
00:00:30.944 [main] INFO  - Storing second course data into excel sheet.........
00:00:31.630 [main] INFO  - Navigating back to parent window from child window.........
00:00:42.717 [main] INFO  - Opened application with provided URL.........
00:00:43.185 [main] INFO  - Clicking on explore.........
00:00:43.367 [main] INFO  - Going to language learning subject.........
00:00:43.526 [main] INFO  - Clicking on 'All Language Course'.........
00:00:47.116 [main] INFO  - New page will be loaded.........
00:00:47.373 [main] INFO  - Clicking on show more button under language section.........
00:00:48.062 [main] INFO  - Collecting all languages.........
00:00:48.958 [main] INFO  - Storing all languages in excel sheet.........
00:00:51.040 [main] INFO  - Clicking on close button.........
00:00:51.354 [main] INFO  - Collecting all levels .........
00:00:51.692 [main] INFO  - Storing all levels in excel sheet.........
00:01:09.173 [main] INFO  - User in bussiness page.........
00:01:09.586 [main] INFO  - Clicking on contact sales in bussiness page.........
00:01:12.307 [main] INFO  - Form will appear.........
00:01:12.442 [main] INFO  - Filling the form with any one  invalid input.........
00:01:12.442 [main] INFO  - After filling the form click on submit.........
00:01:14.402 [main] INFO  - Error message will be displayed.........
00:01:14.403 [main] INFO  - Getting that error message.........
00:01:14.675 [main] INFO  - Storing error message into excel sheet.........
00:45:23.268 [main] INFO  - Opened application with provided URL.........
00:45:23.526 [main] INFO  - Entering the text('Web development') in search box ..........
00:45:23.526 [main] INFO  - Clicking on search button.........
00:45:27.634 [main] INFO  - Applying  English language filter.........
00:45:28.355 [main] INFO  - Applying Beginner level filter.........
00:45:28.718 [main] INFO  - The list of courses will appear.........
00:45:28.718 [main] INFO  - Clicking on the first course.........
00:45:29.875 [main] INFO  - Navigating to new window for first course.........
00:45:33.839 [main] INFO  - Collecting the details like title,rating,duration of course in hours.........
00:45:34.376 [main] INFO  - Storing first course data into excel sheet.........
00:45:35.468 [main] INFO  - Navigating back to parent window from child window.........
00:45:35.767 [main] INFO  - Clicking on the second course.........
00:45:36.162 [main] INFO  - Navigating to new window for second course.........
00:45:39.216 [main] INFO  - Collecting the details like title,rating,duration of course in hours.........
00:45:39.570 [main] INFO  - Storing second course data into excel sheet.........
00:45:40.120 [main] INFO  - Navigating back to parent window from child window.........
00:45:50.878 [main] INFO  - Opened application with provided URL.........
00:45:51.099 [main] INFO  - Clicking on explore.........
00:45:51.287 [main] INFO  - Going to language learning subject.........
00:45:51.480 [main] INFO  - Clicking on 'All Language Course'.........
00:45:55.219 [main] INFO  - New page will be loaded.........
00:45:55.459 [main] INFO  - Clicking on show more button under language section.........
00:45:55.939 [main] INFO  - Collecting all languages.........
00:45:56.617 [main] INFO  - Storing all languages in excel sheet.........
00:45:58.533 [main] INFO  - Clicking on close button.........
00:45:58.857 [main] INFO  - Collecting all levels .........
00:45:59.225 [main] INFO  - Storing all levels in excel sheet.........
00:46:17.645 [main] INFO  - User in bussiness page.........
00:46:18.015 [main] INFO  - Clicking on contact sales in bussiness page.........
00:46:20.877 [main] INFO  - Form will appear.........
00:46:21.009 [main] INFO  - Filling the form with any one  invalid input.........
00:46:21.010 [main] INFO  - After filling the form click on submit.........
00:46:22.883 [main] INFO  - Error message will be displayed.........
00:46:22.883 [main] INFO  - Getting that error message.........
00:46:23.139 [main] INFO  - Storing error message into excel sheet.........
00:48:16.127 [main] INFO  - Opened application with provided URL.........
00:48:16.387 [main] INFO  - Entering the text('Web development') in search box ..........
00:48:16.388 [main] INFO  - Clicking on search button.........
00:48:20.595 [main] INFO  - Applying  English language filter.........
00:48:21.028 [main] INFO  - Applying Beginner level filter.........
00:48:21.598 [main] INFO  - The list of courses will appear.........
00:48:21.599 [main] INFO  - Clicking on the first course.........
00:48:22.564 [main] INFO  - Navigating to new window for first course.........
00:48:25.660 [main] INFO  - Collecting the details like title,rating,duration of course in hours.........
00:48:26.238 [main] INFO  - Storing first course data into excel sheet.........
00:48:27.529 [main] INFO  - Navigating back to parent window from child window.........
00:48:27.893 [main] INFO  - Clicking on the second course.........
00:48:28.332 [main] INFO  - Navigating to new window for second course.........
00:48:31.498 [main] INFO  - Collecting the details like title,rating,duration of course in hours.........
00:48:31.795 [main] INFO  - Storing second course data into excel sheet.........
00:48:32.476 [main] INFO  - Navigating back to parent window from child window.........
00:48:51.131 [main] INFO  - Opened application with provided URL.........
00:48:51.369 [main] INFO  - Clicking on explore.........
00:48:51.605 [main] INFO  - Going to language learning subject.........
00:48:51.833 [main] INFO  - Clicking on 'All Language Course'.........
00:48:58.491 [main] INFO  - New page will be loaded.........
00:48:58.709 [main] INFO  - Clicking on show more button under language section.........
00:48:59.004 [main] INFO  - Collecting all languages.........
00:48:59.970 [main] INFO  - Storing all languages in excel sheet.........
00:49:01.339 [main] INFO  - Clicking on close button.........
00:49:01.534 [main] INFO  - Collecting all levels .........
00:49:01.803 [main] INFO  - Storing all levels in excel sheet.........
00:49:33.198 [main] INFO  - User in bussiness page.........
00:49:33.568 [main] INFO  - Clicking on contact sales in bussiness page.........
00:49:37.299 [main] INFO  - Form will appear.........
00:49:37.461 [main] INFO  - Filling the form with any one  invalid input.........
00:49:37.461 [main] INFO  - After filling the form click on submit.........
00:49:38.930 [main] INFO  - Error message will be displayed.........
00:49:38.930 [main] INFO  - Getting that error message.........
00:49:39.154 [main] INFO  - Storing error message into excel sheet.........
10:15:18.219 [main] INFO  - Opened application with provided URL.........
10:15:18.473 [main] INFO  - Entering the text('Web development') in search box ..........
10:15:18.473 [main] INFO  - Clicking on search button.........
10:15:26.792 [main] INFO  - Applying  English language filter.........
10:15:27.249 [main] INFO  - Applying Beginner level filter.........
10:15:27.589 [main] INFO  - The list of courses will appear.........
10:15:27.589 [main] INFO  - Clicking on the first course.........
10:15:32.294 [main] INFO  - Navigating to new window for first course.........
10:16:25.828 [main] INFO  - Collecting the details like title,rating,duration of course in hours.........
10:16:26.526 [main] INFO  - Storing first course data into excel sheet.........
10:16:28.692 [main] INFO  - Navigating back to parent window from child window.........
10:16:29.133 [main] INFO  - Clicking on the second course.........
10:16:29.586 [main] INFO  - Navigating to new window for second course.........
10:16:36.398 [main] INFO  - Collecting the details like title,rating,duration of course in hours.........
10:16:36.730 [main] INFO  - Storing second course data into excel sheet.........
10:16:37.469 [main] INFO  - Navigating back to parent window from child window.........
10:16:52.223 [main] INFO  - Opened application with provided URL.........
10:16:52.421 [main] INFO  - Clicking on explore.........
10:16:52.636 [main] INFO  - Going to language learning subject.........
10:16:52.941 [main] INFO  - Clicking on 'All Language Course'.........
10:17:01.623 [main] INFO  - New page will be loaded.........
10:17:01.854 [main] INFO  - Clicking on show more button under language section.........
10:17:02.239 [main] INFO  - Collecting all languages.........
10:17:03.213 [main] INFO  - Storing all languages in excel sheet.........
10:17:04.809 [main] INFO  - Clicking on close button.........
10:17:05.078 [main] INFO  - Collecting all levels .........
10:17:05.481 [main] INFO  - Storing all levels in excel sheet.........
10:17:22.299 [main] INFO  - User in bussiness page.........
10:17:22.646 [main] INFO  - Clicking on contact sales in bussiness page.........
10:17:25.339 [main] INFO  - Form will appear.........
10:17:25.485 [main] INFO  - Filling the form with any one  invalid input.........
10:17:25.485 [main] INFO  - After filling the form click on submit.........
10:17:27.042 [main] INFO  - Error message will be displayed.........
10:17:27.042 [main] INFO  - Getting that error message.........
10:17:27.275 [main] INFO  - Storing error message into excel sheet.........
11:49:39.186 [main] INFO  - Opened application with provided URL.........
11:49:39.493 [main] INFO  - Entering the text('Web development') in search box ..........
11:49:39.493 [main] INFO  - Clicking on search button.........
11:50:20.266 [main] INFO  - Applying  English language filter.........
11:50:20.749 [main] INFO  - Applying Beginner level filter.........
11:50:21.037 [main] INFO  - The list of courses will appear.........
11:50:21.038 [main] INFO  - Clicking on the first course.........
11:50:23.346 [main] INFO  - Navigating to new window for first course.........
11:51:04.885 [main] INFO  - Collecting the details like title,rating,duration of course in hours.........
11:51:05.293 [main] INFO  - Storing first course data into excel sheet.........
11:51:06.600 [main] INFO  - Navigating back to parent window from child window.........
11:51:06.886 [main] INFO  - Clicking on the second course.........
11:51:07.267 [main] INFO  - Navigating to new window for second course.........
11:51:52.584 [main] INFO  - Collecting the details like title,rating,duration of course in hours.........
11:51:52.931 [main] INFO  - Storing second course data into excel sheet.........
11:51:53.661 [main] INFO  - Navigating back to parent window from child window.........
11:52:27.713 [main] INFO  - Opened application with provided URL.........
11:52:27.901 [main] INFO  - Clicking on explore.........
11:52:28.066 [main] INFO  - Going to language learning subject.........
11:52:28.232 [main] INFO  - Clicking on 'All Language Course'.........
11:52:33.591 [main] INFO  - New page will be loaded.........
11:52:33.802 [main] INFO  - Clicking on show more button under language section.........
11:52:34.079 [main] INFO  - Collecting all languages.........
11:52:34.725 [main] INFO  - Storing all languages in excel sheet.........
11:52:36.139 [main] INFO  - Clicking on close button.........
11:52:36.344 [main] INFO  - Collecting all levels .........
11:52:36.580 [main] INFO  - Storing all levels in excel sheet.........
11:54:49.556 [main] INFO  - User in bussiness page.........
11:54:49.902 [main] INFO  - Clicking on contact sales in bussiness page.........
11:55:19.869 [main] INFO  - Form will appear.........
11:55:20.044 [main] INFO  - Filling the form with any one  invalid input.........
11:55:20.044 [main] INFO  - After filling the form click on submit.........
11:55:21.789 [main] INFO  - Error message will be displayed.........
11:55:21.789 [main] INFO  - Getting that error message.........
11:55:22.026 [main] INFO  - Storing error message into excel sheet.........
13:41:42.724 [main] INFO  - Opened application with provided URL.........
13:41:43.032 [main] INFO  - Entering the text('Web development') in search box ..........
13:41:43.033 [main] INFO  - Clicking on search button.........
13:41:44.184 [main] INFO  - Applying  English language filter.........
13:42:51.491 [main] INFO  - Opened application with provided URL.........
13:42:51.756 [main] INFO  - Entering the text('Web development') in search box ..........
13:42:51.756 [main] INFO  - Clicking on search button.........
13:42:55.936 [main] INFO  - Applying  English language filter.........
13:42:56.393 [main] INFO  - Applying Beginner level filter.........
13:42:56.867 [main] INFO  - The list of courses will appear.........
13:42:56.867 [main] INFO  - Clicking on the first course.........
13:42:58.320 [main] INFO  - Navigating to new window for first course.........
13:43:02.608 [main] INFO  - Collecting the details like title,rating,duration of course in hours.........
13:43:03.108 [main] INFO  - Storing first course data into excel sheet.........
13:43:04.404 [main] INFO  - Navigating back to parent window from child window.........
13:43:04.687 [main] INFO  - Clicking on the second course.........
13:43:05.048 [main] INFO  - Navigating to new window for second course.........
13:43:07.677 [main] INFO  - Collecting the details like title,rating,duration of course in hours.........
13:43:08.049 [main] INFO  - Storing second course data into excel sheet.........
13:43:08.666 [main] INFO  - Navigating back to parent window from child window.........
13:43:24.181 [main] INFO  - Opened application with provided URL.........
13:43:24.478 [main] INFO  - Clicking on explore.........
13:43:24.694 [main] INFO  - Going to language learning subject.........
13:43:24.944 [main] INFO  - Clicking on 'All Language Course'.........
13:43:29.819 [main] INFO  - New page will be loaded.........
13:43:30.021 [main] INFO  - Clicking on show more button under language section.........
13:43:30.404 [main] INFO  - Collecting all languages.........
13:43:31.330 [main] INFO  - Storing all languages in excel sheet.........
13:43:32.685 [main] INFO  - Clicking on close button.........
13:43:32.931 [main] INFO  - Collecting all levels .........
13:43:33.268 [main] INFO  - Storing all levels in excel sheet.........
13:43:50.175 [main] INFO  - User in bussiness page.........
13:43:50.498 [main] INFO  - Clicking on contact sales in bussiness page.........
13:43:53.270 [main] INFO  - Form will appear.........
13:43:53.409 [main] INFO  - Filling the form with any one  invalid input.........
13:43:53.409 [main] INFO  - After filling the form click on submit.........
13:43:54.818 [main] INFO  - Error message will be displayed.........
13:43:54.818 [main] INFO  - Getting that error message.........
13:43:55.035 [main] INFO  - Storing error message into excel sheet.........
13:45:53.762 [main] INFO  - Opened application with provided URL.........
13:45:54.012 [main] INFO  - Entering the text('Web development') in search box ..........
13:45:54.012 [main] INFO  - Clicking on search button.........
13:45:57.909 [main] INFO  - Applying  English language filter.........
13:45:58.358 [main] INFO  - Applying Beginner level filter.........
13:45:58.916 [main] INFO  - The list of courses will appear.........
13:45:58.916 [main] INFO  - Clicking on the first course.........
13:45:59.959 [main] INFO  - Navigating to new window for first course.........
13:46:03.062 [main] INFO  - Collecting the details like title,rating,duration of course in hours.........
13:46:03.503 [main] INFO  - Storing first course data into excel sheet.........
13:46:04.585 [main] INFO  - Navigating back to parent window from child window.........
13:46:04.867 [main] INFO  - Clicking on the second course.........
13:46:05.208 [main] INFO  - Navigating to new window for second course.........
13:46:07.881 [main] INFO  - Collecting the details like title,rating,duration of course in hours.........
13:46:08.225 [main] INFO  - Storing second course data into excel sheet.........
13:46:08.928 [main] INFO  - Navigating back to parent window from child window.........
13:46:19.702 [main] INFO  - Opened application with provided URL.........
13:46:19.910 [main] INFO  - Clicking on explore.........
13:46:20.071 [main] INFO  - Going to language learning subject.........
13:46:20.239 [main] INFO  - Clicking on 'All Language Course'.........
13:46:24.827 [main] INFO  - New page will be loaded.........
13:46:25.021 [main] INFO  - Clicking on show more button under language section.........
13:46:25.526 [main] INFO  - Collecting all languages.........
13:46:26.267 [main] INFO  - Storing all languages in excel sheet.........
13:46:27.680 [main] INFO  - Clicking on close button.........
13:46:27.954 [main] INFO  - Collecting all levels .........
13:46:28.229 [main] INFO  - Storing all levels in excel sheet.........
13:46:45.001 [main] INFO  - User in bussiness page.........
13:46:45.306 [main] INFO  - Clicking on contact sales in bussiness page.........
13:46:48.698 [main] INFO  - Form will appear.........
13:46:48.828 [main] INFO  - Filling the form with any one  invalid input.........
13:46:48.828 [main] INFO  - After filling the form click on submit.........
13:46:50.274 [main] INFO  - Error message will be displayed.........
13:46:50.274 [main] INFO  - Getting that error message.........
13:46:50.486 [main] INFO  - Storing error message into excel sheet.........
15:37:51.215 [main] INFO  - Opened application with provided URL.........
15:37:51.560 [main] INFO  - Entering the text('Web development') in search box ..........
15:37:51.561 [main] INFO  - Clicking on search button.........
15:37:56.097 [main] INFO  - Applying  English language filter.........
15:37:56.560 [main] INFO  - Applying Beginner level filter.........
15:37:57.102 [main] INFO  - The list of courses will appear.........
15:37:57.102 [main] INFO  - Clicking on the first course.........
15:37:58.380 [main] INFO  - Navigating to new window for first course.........
15:38:02.504 [main] INFO  - Collecting the details like title,rating,duration of course in hours.........
15:38:02.946 [main] INFO  - Storing first course data into excel sheet.........
15:38:04.110 [main] INFO  - Navigating back to parent window from child window.........
15:38:04.399 [main] INFO  - Clicking on the second course.........
15:38:04.784 [main] INFO  - Navigating to new window for second course.........
15:38:07.583 [main] INFO  - Collecting the details like title,rating,duration of course in hours.........
15:38:07.873 [main] INFO  - Storing second course data into excel sheet.........
15:38:08.356 [main] INFO  - Navigating back to parent window from child window.........
15:38:20.952 [main] INFO  - Opened application with provided URL.........
15:38:21.226 [main] INFO  - Clicking on explore.........
15:38:21.692 [main] INFO  - Going to language learning subject.........
15:38:21.998 [main] INFO  - Clicking on 'All Language Course'.........
15:38:26.256 [main] INFO  - New page will be loaded.........
15:38:26.463 [main] INFO  - Clicking on show more button under language section.........
15:38:26.839 [main] INFO  - Collecting all languages.........
15:38:27.609 [main] INFO  - Storing all languages in excel sheet.........
15:38:29.046 [main] INFO  - Clicking on close button.........
15:38:29.258 [main] INFO  - Collecting all levels .........
15:38:29.539 [main] INFO  - Storing all levels in excel sheet.........
15:38:44.999 [main] INFO  - User in bussiness page.........
15:38:45.353 [main] INFO  - Clicking on contact sales in bussiness page.........
15:38:48.231 [main] INFO  - Form will appear.........
15:38:48.392 [main] INFO  - Filling the form with any one  invalid input.........
15:38:48.392 [main] INFO  - After filling the form click on submit.........
15:38:49.627 [main] INFO  - Error message will be displayed.........
15:38:49.627 [main] INFO  - Getting that error message.........
15:38:49.870 [main] INFO  - Storing error message into excel sheet.........
17:23:34.365 [main] INFO  - Opened application with provided URL.........
17:23:34.730 [main] INFO  - Entering the text('Web development') in search box ..........
17:23:34.731 [main] INFO  - Clicking on search button.........
17:24:34.085 [main] INFO  - Opened application with provided URL.........
17:24:34.393 [main] INFO  - Entering the text('Web development') in search box ..........
17:24:34.393 [main] INFO  - Clicking on search button.........
17:24:39.118 [main] INFO  - Applying  English language filter.........
17:24:39.588 [main] INFO  - Applying Beginner level filter.........
17:24:40.178 [main] INFO  - The list of courses will appear.........
17:24:40.178 [main] INFO  - Clicking on the first course.........
17:24:41.369 [main] INFO  - Navigating to new window for first course.........
17:24:46.209 [main] INFO  - Collecting the details like title,rating,duration of course in hours.........
17:24:46.595 [main] INFO  - Storing first course data into excel sheet.........
17:24:47.741 [main] INFO  - Navigating back to parent window from child window.........
17:24:48.093 [main] INFO  - Clicking on the second course.........
17:24:48.454 [main] INFO  - Navigating to new window for second course.........
17:24:51.461 [main] INFO  - Collecting the details like title,rating,duration of course in hours.........
17:24:51.768 [main] INFO  - Storing second course data into excel sheet.........
17:24:52.426 [main] INFO  - Navigating back to parent window from child window.........
17:25:07.137 [main] INFO  - Opened application with provided URL.........
17:25:07.400 [main] INFO  - Clicking on explore.........
17:25:07.591 [main] INFO  - Going to language learning subject.........
17:25:07.765 [main] INFO  - Clicking on 'All Language Course'.........
17:25:13.133 [main] INFO  - New page will be loaded.........
17:25:13.347 [main] INFO  - Clicking on show more button under language section.........
17:25:13.702 [main] INFO  - Collecting all languages.........
17:25:14.649 [main] INFO  - Storing all languages in excel sheet.........
17:25:16.062 [main] INFO  - Clicking on close button.........
17:25:16.283 [main] INFO  - Collecting all levels .........
17:25:16.595 [main] INFO  - Storing all levels in excel sheet.........
17:25:34.033 [main] INFO  - User in bussiness page.........
17:25:34.377 [main] INFO  - Clicking on contact sales in bussiness page.........
17:25:37.774 [main] INFO  - Form will appear.........
17:25:37.920 [main] INFO  - Filling the form with any one  invalid input.........
17:25:37.921 [main] INFO  - After filling the form click on submit.........
17:25:39.166 [main] INFO  - Error message will be displayed.........
17:25:39.167 [main] INFO  - Getting that error message.........
17:25:39.387 [main] INFO  - Storing error message into excel sheet.........
20:51:29.146 [main] INFO  - Opened application with provided URL.........
20:51:29.493 [main] INFO  - Entering the text('Web development') in search box ..........
20:51:29.493 [main] INFO  - Clicking on search button.........
20:51:33.062 [main] INFO  - Applying  English language filter.........
20:51:33.601 [main] INFO  - Applying Beginner level filter.........
20:51:34.350 [main] INFO  - The list of courses will appear.........
20:51:34.350 [main] INFO  - Clicking on the first course.........
20:51:35.788 [main] INFO  - Navigating to new window for first course.........
20:51:39.793 [main] INFO  - Collecting the details like title,rating,duration of course in hours.........
20:51:40.438 [main] INFO  - Storing first course data into excel sheet.........
20:51:41.943 [main] INFO  - Navigating back to parent window from child window.........
20:51:42.279 [main] INFO  - Clicking on the second course.........
20:51:42.756 [main] INFO  - Navigating to new window for second course.........
20:51:45.488 [main] INFO  - Collecting the details like title,rating,duration of course in hours.........
20:51:45.843 [main] INFO  - Storing second course data into excel sheet.........
20:51:46.545 [main] INFO  - Navigating back to parent window from child window.........
20:51:56.850 [main] INFO  - Opened application with provided URL.........
20:51:57.328 [main] INFO  - Clicking on explore.........
20:51:57.535 [main] INFO  - Going to language learning subject.........
20:51:57.811 [main] INFO  - Clicking on 'All Language Course'.........
20:52:03.626 [main] INFO  - New page will be loaded.........
20:52:03.819 [main] INFO  - Clicking on show more button under language section.........
20:52:04.419 [main] INFO  - Collecting all languages.........
20:52:05.159 [main] INFO  - Storing all languages in excel sheet.........
20:52:06.772 [main] INFO  - Clicking on close button.........
20:52:06.993 [main] INFO  - Collecting all levels .........
20:52:07.250 [main] INFO  - Storing all levels in excel sheet.........
20:52:23.788 [main] INFO  - User in bussiness page.........
20:52:24.162 [main] INFO  - Clicking on contact sales in bussiness page.........
20:52:26.788 [main] INFO  - Form will appear.........
20:52:26.926 [main] INFO  - Filling the form with any one  invalid input.........
20:52:26.926 [main] INFO  - After filling the form click on submit.........
20:52:28.831 [main] INFO  - Error message will be displayed.........
20:52:28.832 [main] INFO  - Getting that error message.........
20:52:29.107 [main] INFO  - Storing error message into excel sheet.........
11:51:44.287 [main] INFO  - Opened application with provided URL.........
11:51:44.557 [main] INFO  - Entering the text('Web development') in search box ..........
11:51:44.557 [main] INFO  - Clicking on search button.........
11:51:48.749 [main] INFO  - Applying  English language filter.........
11:51:49.410 [main] INFO  - Applying Beginner level filter.........
11:51:49.780 [main] INFO  - The list of courses will appear.........
11:51:49.781 [main] INFO  - Clicking on the first course.........
11:51:51.023 [main] INFO  - Navigating to new window for first course.........
11:51:53.640 [main] INFO  - Collecting the details like title,rating,duration of course in hours.........
11:51:54.086 [main] INFO  - Storing first course data into excel sheet.........
11:51:55.318 [main] INFO  - Navigating back to parent window from child window.........
11:51:55.606 [main] INFO  - Clicking on the second course.........
11:51:55.917 [main] INFO  - Navigating to new window for second course.........
11:51:59.614 [main] INFO  - Collecting the details like title,rating,duration of course in hours.........
11:52:00.606 [main] INFO  - Storing second course data into excel sheet.........
11:52:01.288 [main] INFO  - Navigating back to parent window from child window.........
12:03:28.066 [main] INFO  - Opened application with provided URL.........
12:03:28.327 [main] INFO  - Entering the text('Web development') in search box ..........
12:03:28.327 [main] INFO  - Clicking on search button.........
12:03:32.249 [main] INFO  - Applying  English language filter.........
12:03:32.618 [main] INFO  - Applying Beginner level filter.........
12:03:32.989 [main] INFO  - The list of courses will appear.........
12:03:32.989 [main] INFO  - Clicking on the first course.........
12:03:34.131 [main] INFO  - Navigating to new window for first course.........
12:03:37.280 [main] INFO  - Collecting the details like title,rating,duration of course in hours.........
12:03:37.598 [main] INFO  - Storing first course data into excel sheet.........
12:03:38.846 [main] INFO  - Navigating back to parent window from child window.........
12:03:39.121 [main] INFO  - Clicking on the second course.........
12:03:39.463 [main] INFO  - Navigating to new window for second course.........
12:03:43.721 [main] INFO  - Collecting the details like title,rating,duration of course in hours.........
12:03:44.136 [main] INFO  - Storing second course data into excel sheet.........
12:03:44.815 [main] INFO  - Navigating back to parent window from child window.........
12:03:56.649 [main] INFO  - Opened application with provided URL.........
12:03:56.822 [main] INFO  - Clicking on explore.........
12:03:57.029 [main] INFO  - Going to language learning subject.........
12:03:57.202 [main] INFO  - Clicking on 'All Language Course'.........
12:04:00.511 [main] INFO  - New page will be loaded.........
12:04:00.711 [main] INFO  - Clicking on show more button under language section.........
12:04:00.973 [main] INFO  - Collecting all languages.........
12:04:02.043 [main] INFO  - Storing all languages in excel sheet.........
12:04:04.003 [main] INFO  - Clicking on close button.........
12:04:04.270 [main] INFO  - Collecting all levels .........
12:04:04.561 [main] INFO  - Storing all levels in excel sheet.........
12:04:20.918 [main] INFO  - User in bussiness page.........
12:04:21.238 [main] INFO  - Clicking on contact sales in bussiness page.........
12:04:23.669 [main] INFO  - Form will appear.........
12:04:23.804 [main] INFO  - Filling the form with any one  invalid input.........
12:04:23.804 [main] INFO  - After filling the form click on submit.........
12:04:25.104 [main] INFO  - Error message will be displayed.........
12:04:25.104 [main] INFO  - Getting that error message.........
12:04:25.337 [main] INFO  - Storing error message into excel sheet.........
19:36:42.369 [main] INFO  - Opened application with provided URL.........
19:36:42.917 [main] INFO  - Clicking on explore.........
19:36:43.189 [main] INFO  - Going to language learning subject.........
19:36:43.436 [main] INFO  - Clicking on 'All Language Course'.........
19:36:47.410 [main] INFO  - New page will be loaded.........
19:36:48.431 [main] INFO  - Clicking on show more button under language section.........
19:36:48.892 [main] INFO  - Collecting all languages.........
19:36:49.869 [main] INFO  - Storing all languages in excel sheet.........
19:36:52.459 [main] INFO  - Clicking on close button.........
19:36:52.762 [main] INFO  - Collecting all levels .........
19:36:53.111 [main] INFO  - Storing all levels in excel sheet.........
19:37:10.279 [main] INFO  - User in bussiness page.........
19:37:10.594 [main] INFO  - Clicking on contact sales in bussiness page.........
19:37:13.092 [main] INFO  - Form will appear.........
19:37:13.218 [main] INFO  - Filling the form with any one  invalid input.........
19:37:13.218 [main] INFO  - After filling the form click on submit.........
19:37:14.492 [main] INFO  - Error message will be displayed.........
19:37:14.492 [main] INFO  - Getting that error message.........
19:37:14.720 [main] INFO  - Storing error message into excel sheet.........
19:42:27.249 [main] INFO  - Opened application with provided URL.........
19:42:27.546 [main] INFO  - Entering the text('Web development') in search box ..........
19:42:27.546 [main] INFO  - Clicking on search button.........
19:42:31.474 [main] INFO  - Applying  English language filter.........
19:42:32.010 [main] INFO  - Applying Beginner level filter.........
19:42:32.660 [main] INFO  - The list of courses will appear.........
19:42:32.661 [main] INFO  - Clicking on the first course.........
19:42:33.721 [main] INFO  - Navigating to new window for first course.........
19:42:36.531 [main] INFO  - Collecting the details like title,rating,duration of course in hours.........
19:42:36.851 [main] INFO  - Storing first course data into excel sheet.........
19:42:38.031 [main] INFO  - Navigating back to parent window from child window.........
19:42:38.360 [main] INFO  - Clicking on the second course.........
19:42:38.715 [main] INFO  - Navigating to new window for second course.........
19:42:42.283 [main] INFO  - Collecting the details like title,rating,duration of course in hours.........
19:42:42.795 [main] INFO  - Storing second course data into excel sheet.........
19:42:43.590 [main] INFO  - Navigating back to parent window from child window.........
19:42:55.669 [main] INFO  - Opened application with provided URL.........
19:42:55.848 [main] INFO  - Clicking on explore.........
19:42:56.028 [main] INFO  - Going to language learning subject.........
19:42:56.251 [main] INFO  - Clicking on 'All Language Course'.........
19:43:00.625 [main] INFO  - New page will be loaded.........
19:43:00.871 [main] INFO  - Clicking on show more button under language section.........
19:43:01.218 [main] INFO  - Collecting all languages.........
19:43:02.411 [main] INFO  - Storing all languages in excel sheet.........
19:43:04.425 [main] INFO  - Clicking on close button.........
19:43:04.653 [main] INFO  - Collecting all levels .........
19:43:04.993 [main] INFO  - Storing all levels in excel sheet.........
19:43:20.852 [main] INFO  - User in bussiness page.........
19:43:21.207 [main] INFO  - Clicking on contact sales in bussiness page.........
19:43:23.784 [main] INFO  - Form will appear.........
19:43:23.936 [main] INFO  - Filling the form with any one  invalid input.........
19:43:23.936 [main] INFO  - After filling the form click on submit.........
19:43:25.765 [main] INFO  - Error message will be displayed.........
19:43:25.765 [main] INFO  - Getting that error message.........
19:43:26.074 [main] INFO  - Storing error message into excel sheet.........
20:37:58.403 [main] INFO  - Opened application with provided URL.........
20:37:58.646 [main] INFO  - Entering the text('Web development') in search box ..........
20:37:58.646 [main] INFO  - Clicking on search button.........
20:38:03.077 [main] INFO  - Applying  English language filter.........
20:38:03.613 [main] INFO  - Applying Beginner level filter.........
20:38:04.226 [main] INFO  - The list of courses will appear.........
20:38:04.226 [main] INFO  - Clicking on the first course.........
20:38:05.265 [main] INFO  - Navigating to new window for first course.........
20:38:07.533 [main] INFO  - Collecting the details like title,rating,duration of course in hours.........
20:38:07.871 [main] INFO  - Storing first course data into excel sheet.........
20:38:09.261 [main] INFO  - Navigating back to parent window from child window.........
20:38:09.616 [main] INFO  - Clicking on the second course.........
20:38:10.081 [main] INFO  - Navigating to new window for second course.........
20:38:13.637 [main] INFO  - Collecting the details like title,rating,duration of course in hours.........
20:38:14.059 [main] INFO  - Storing second course data into excel sheet.........
20:38:14.578 [main] INFO  - Navigating back to parent window from child window.........
20:38:25.487 [main] INFO  - Opened application with provided URL.........
20:38:25.719 [main] INFO  - Clicking on explore.........
20:38:25.893 [main] INFO  - Going to language learning subject.........
20:38:26.052 [main] INFO  - Clicking on 'All Language Course'.........
20:38:30.892 [main] INFO  - New page will be loaded.........
20:38:31.192 [main] INFO  - Clicking on show more button under language section.........
20:38:31.768 [main] INFO  - Collecting all languages.........
20:38:32.498 [main] INFO  - Storing all languages in excel sheet.........
20:38:34.142 [main] INFO  - Clicking on close button.........
20:38:34.392 [main] INFO  - Collecting all levels .........
20:38:34.727 [main] INFO  - Storing all levels in excel sheet.........
20:38:51.920 [main] INFO  - User in bussiness page.........
20:38:52.322 [main] INFO  - Clicking on contact sales in bussiness page.........
20:38:54.737 [main] INFO  - Form will appear.........
20:38:54.855 [main] INFO  - Filling the form with any one  invalid input.........
20:38:54.855 [main] INFO  - After filling the form click on submit.........
20:38:56.099 [main] INFO  - Error message will be displayed.........
20:38:56.099 [main] INFO  - Getting that error message.........
20:38:56.344 [main] INFO  - Storing error message into excel sheet.........
20:40:01.243 [main] INFO  - Opened application with provided URL.........
20:40:01.469 [main] INFO  - Entering the text('Web development') in search box ..........
20:40:01.470 [main] INFO  - Clicking on search button.........
20:40:05.631 [main] INFO  - Applying  English language filter.........
20:40:06.367 [main] INFO  - Applying Beginner level filter.........
20:40:06.655 [main] INFO  - The list of courses will appear.........
20:40:06.655 [main] INFO  - Clicking on the first course.........
20:40:08.001 [main] INFO  - Navigating to new window for first course.........
20:40:11.228 [main] INFO  - Collecting the details like title,rating,duration of course in hours.........
20:40:11.688 [main] INFO  - Storing first course data into excel sheet.........
20:40:13.337 [main] INFO  - Navigating back to parent window from child window.........
20:40:13.750 [main] INFO  - Clicking on the second course.........
20:40:14.157 [main] INFO  - Navigating to new window for second course.........
20:40:18.245 [main] INFO  - Collecting the details like title,rating,duration of course in hours.........
20:40:19.140 [main] INFO  - Storing second course data into excel sheet.........
20:40:19.590 [main] INFO  - Navigating back to parent window from child window.........
20:40:30.563 [main] INFO  - Opened application with provided URL.........
20:40:30.759 [main] INFO  - Clicking on explore.........
20:40:30.935 [main] INFO  - Going to language learning subject.........
20:40:31.113 [main] INFO  - Clicking on 'All Language Course'.........
20:40:34.823 [main] INFO  - New page will be loaded.........
20:40:35.065 [main] INFO  - Clicking on show more button under language section.........
20:40:35.444 [main] INFO  - Collecting all languages.........
20:40:36.405 [main] INFO  - Storing all languages in excel sheet.........
20:40:38.240 [main] INFO  - Clicking on close button.........
20:40:38.495 [main] INFO  - Collecting all levels .........
20:40:38.820 [main] INFO  - Storing all levels in excel sheet.........
20:40:56.187 [main] INFO  - User in bussiness page.........
20:40:56.605 [main] INFO  - Clicking on contact sales in bussiness page.........
20:40:59.466 [main] INFO  - Form will appear.........
20:40:59.605 [main] INFO  - Filling the form with any one  invalid input.........
20:40:59.605 [main] INFO  - After filling the form click on submit.........
20:41:01.286 [main] INFO  - Error message will be displayed.........
20:41:01.286 [main] INFO  - Getting that error message.........
20:41:01.499 [main] INFO  - Storing error message into excel sheet.........
20:45:48.992 [main] INFO  - Opened application with provided URL.........
20:45:49.181 [main] INFO  - Entering the text('Web development') in search box ..........
20:45:49.182 [main] INFO  - Clicking on search button.........
20:45:53.415 [main] INFO  - Applying  English language filter.........
20:45:54.132 [main] INFO  - Applying Beginner level filter.........
20:45:54.468 [main] INFO  - The list of courses will appear.........
20:45:54.469 [main] INFO  - Clicking on the first course.........
20:45:55.678 [main] INFO  - Navigating to new window for first course.........
20:45:59.426 [main] INFO  - Collecting the details like title,rating,duration of course in hours.........
20:45:59.811 [main] INFO  - Storing first course data into excel sheet.........
20:46:01.419 [main] INFO  - Navigating back to parent window from child window.........
20:46:01.762 [main] INFO  - Clicking on the second course.........
20:46:02.235 [main] INFO  - Navigating to new window for second course.........
20:46:06.009 [main] INFO  - Collecting the details like title,rating,duration of course in hours.........
20:46:06.397 [main] INFO  - Storing second course data into excel sheet.........
20:46:07.004 [main] INFO  - Navigating back to parent window from child window.........
20:46:18.569 [main] INFO  - Opened application with provided URL.........
20:46:18.823 [main] INFO  - Clicking on explore.........
20:46:19.264 [main] INFO  - Going to language learning subject.........
20:46:19.496 [main] INFO  - Clicking on 'All Language Course'.........
20:46:23.828 [main] INFO  - New page will be loaded.........
20:46:24.089 [main] INFO  - Clicking on show more button under language section.........
20:46:24.564 [main] INFO  - Collecting all languages.........
20:46:25.223 [main] INFO  - Storing all languages in excel sheet.........
20:46:26.627 [main] INFO  - Clicking on close button.........
20:46:26.900 [main] INFO  - Collecting all levels .........
20:46:27.233 [main] INFO  - Storing all levels in excel sheet.........
20:46:43.954 [main] INFO  - User in bussiness page.........
20:46:44.268 [main] INFO  - Clicking on contact sales in bussiness page.........
20:46:47.108 [main] INFO  - Form will appear.........
20:46:47.254 [main] INFO  - Filling the form with any one  invalid input.........
20:46:47.254 [main] INFO  - After filling the form click on submit.........
20:46:48.678 [main] INFO  - Error message will be displayed.........
20:46:48.678 [main] INFO  - Getting that error message.........
20:46:48.937 [main] INFO  - Storing error message into excel sheet.........
20:49:30.055 [main] INFO  - Opened application with provided URL.........
20:49:30.259 [main] INFO  - Entering the text('Web development') in search box ..........
20:49:30.259 [main] INFO  - Clicking on search button.........
20:49:34.278 [main] INFO  - Applying  English language filter.........
20:49:34.872 [main] INFO  - Applying Beginner level filter.........
20:49:35.272 [main] INFO  - The list of courses will appear.........
20:49:35.272 [main] INFO  - Clicking on the first course.........
20:49:36.477 [main] INFO  - Navigating to new window for first course.........
20:49:39.193 [main] INFO  - Collecting the details like title,rating,duration of course in hours.........
20:49:39.553 [main] INFO  - Storing first course data into excel sheet.........
20:49:40.739 [main] INFO  - Navigating back to parent window from child window.........
20:49:41.081 [main] INFO  - Clicking on the second course.........
20:49:41.450 [main] INFO  - Navigating to new window for second course.........
20:49:47.235 [main] INFO  - Collecting the details like title,rating,duration of course in hours.........
20:49:47.749 [main] INFO  - Storing second course data into excel sheet.........
20:49:48.270 [main] INFO  - Navigating back to parent window from child window.........
20:49:59.323 [main] INFO  - Opened application with provided URL.........
20:49:59.590 [main] INFO  - Clicking on explore.........
20:49:59.778 [main] INFO  - Going to language learning subject.........
20:49:59.953 [main] INFO  - Clicking on 'All Language Course'.........
20:50:04.425 [main] INFO  - New page will be loaded.........
20:50:04.678 [main] INFO  - Clicking on show more button under language section.........
20:50:05.097 [main] INFO  - Collecting all languages.........
20:50:06.049 [main] INFO  - Storing all languages in excel sheet.........
20:50:07.419 [main] INFO  - Clicking on close button.........
20:50:07.616 [main] INFO  - Collecting all levels .........
20:50:07.854 [main] INFO  - Storing all levels in excel sheet.........
20:50:23.418 [main] INFO  - User in bussiness page.........
20:50:23.741 [main] INFO  - Clicking on contact sales in bussiness page.........
20:50:23.775 [main] INFO  - Form will appear.........
20:50:23.920 [main] INFO  - Filling the form with any one  invalid input.........
20:50:23.920 [main] INFO  - After filling the form click on submit.........
20:50:25.515 [main] INFO  - Error message will be displayed.........
20:50:25.515 [main] INFO  - Getting that error message.........
20:50:25.777 [main] INFO  - Storing error message into excel sheet.........
20:52:35.514 [main] INFO  - Opened application with provided URL.........
20:52:35.905 [main] INFO  - Entering the text('Web development') in search box ..........
20:52:35.906 [main] INFO  - Clicking on search button.........
20:52:40.085 [main] INFO  - Applying  English language filter.........
20:52:40.589 [main] INFO  - Applying Beginner level filter.........
20:52:41.493 [main] INFO  - The list of courses will appear.........
20:52:41.493 [main] INFO  - Clicking on the first course.........
20:52:42.870 [main] INFO  - Navigating to new window for first course.........
20:52:45.936 [main] INFO  - Collecting the details like title,rating,duration of course in hours.........
20:52:46.447 [main] INFO  - Storing first course data into excel sheet.........
20:52:47.610 [main] INFO  - Navigating back to parent window from child window.........
20:52:47.951 [main] INFO  - Clicking on the second course.........
20:52:48.395 [main] INFO  - Navigating to new window for second course.........
20:52:51.663 [main] INFO  - Collecting the details like title,rating,duration of course in hours.........
20:52:52.437 [main] INFO  - Storing second course data into excel sheet.........
20:52:52.849 [main] INFO  - Navigating back to parent window from child window.........
20:53:03.461 [main] INFO  - Opened application with provided URL.........
20:53:03.662 [main] INFO  - Clicking on explore.........
20:53:03.866 [main] INFO  - Going to language learning subject.........
20:53:04.215 [main] INFO  - Clicking on 'All Language Course'.........
20:53:08.256 [main] INFO  - New page will be loaded.........
20:53:08.470 [main] INFO  - Clicking on show more button under language section.........
20:53:08.770 [main] INFO  - Collecting all languages.........
20:53:09.644 [main] INFO  - Storing all languages in excel sheet.........
20:53:10.998 [main] INFO  - Clicking on close button.........
20:53:11.215 [main] INFO  - Collecting all levels .........
20:53:11.462 [main] INFO  - Storing all levels in excel sheet.........
20:53:28.124 [main] INFO  - User in bussiness page.........
20:53:28.507 [main] INFO  - Clicking on contact sales in bussiness page.........
20:53:28.539 [main] INFO  - Form will appear.........
20:53:28.775 [main] INFO  - Filling the form with any one  invalid input.........
20:53:28.775 [main] INFO  - After filling the form click on submit.........
20:53:32.665 [main] INFO  - Error message will be displayed.........
20:53:32.665 [main] INFO  - Getting that error message.........
20:53:32.867 [main] INFO  - Storing error message into excel sheet.........
20:55:33.517 [main] INFO  - Opened application with provided URL.........
20:55:33.727 [main] INFO  - Entering the text('Web development') in search box ..........
20:55:33.727 [main] INFO  - Clicking on search button.........
20:55:37.655 [main] INFO  - Applying  English language filter.........
20:55:38.461 [main] INFO  - Applying Beginner level filter.........
20:55:38.792 [main] INFO  - The list of courses will appear.........
20:55:38.792 [main] INFO  - Clicking on the first course.........
20:55:40.086 [main] INFO  - Navigating to new window for first course.........
20:55:44.682 [main] INFO  - Collecting the details like title,rating,duration of course in hours.........
20:55:45.008 [main] INFO  - Storing first course data into excel sheet.........
20:55:46.357 [main] INFO  - Navigating back to parent window from child window.........
20:55:46.707 [main] INFO  - Clicking on the second course.........
20:55:47.087 [main] INFO  - Navigating to new window for second course.........
20:55:50.732 [main] INFO  - Collecting the details like title,rating,duration of course in hours.........
20:55:51.167 [main] INFO  - Storing second course data into excel sheet.........
20:55:51.663 [main] INFO  - Navigating back to parent window from child window.........
20:56:03.352 [main] INFO  - Opened application with provided URL.........
20:56:03.630 [main] INFO  - Clicking on explore.........
20:56:03.829 [main] INFO  - Going to language learning subject.........
20:56:03.994 [main] INFO  - Clicking on 'All Language Course'.........
20:56:09.114 [main] INFO  - New page will be loaded.........
20:56:09.335 [main] INFO  - Clicking on show more button under language section.........
20:56:09.872 [main] INFO  - Collecting all languages.........
20:56:10.488 [main] INFO  - Storing all languages in excel sheet.........
20:56:11.883 [main] INFO  - Clicking on close button.........
20:56:12.085 [main] INFO  - Collecting all levels .........
20:56:12.344 [main] INFO  - Storing all levels in excel sheet.........
20:56:28.208 [main] INFO  - User in bussiness page.........
20:56:28.517 [main] INFO  - Clicking on contact sales in bussiness page.........
20:56:28.550 [main] INFO  - Form will appear.........
