20:56:28.732 [main] INFO  - Filling the form with any one  invalid input.........
20:56:28.741 [main] INFO  - After filling the form click on submit.........
20:56:32.204 [main] INFO  - Error message will be displayed.........
20:56:32.204 [main] INFO  - Getting that error message.........
20:56:32.407 [main] INFO  - Storing error message into excel sheet.........
20:58:52.209 [main] INFO  - Opened application with provided URL.........
20:58:52.449 [main] INFO  - Entering the text('Web development') in search box ..........
20:58:52.449 [main] INFO  - Clicking on search button.........
20:58:58.771 [main] INFO  - Applying  English language filter.........
20:58:59.189 [main] INFO  - Applying Beginner level filter.........
20:58:59.759 [main] INFO  - The list of courses will appear.........
20:58:59.760 [main] INFO  - Clicking on the first course.........
20:59:00.752 [main] INFO  - Navigating to new window for first course.........
20:59:23.133 [main] INFO  - Collecting the details like title,rating,duration of course in hours.........
20:59:23.451 [main] INFO  - Storing first course data into excel sheet.........
20:59:24.578 [main] INFO  - Navigating back to parent window from child window.........
20:59:24.871 [main] INFO  - Clicking on the second course.........
20:59:25.231 [main] INFO  - Navigating to new window for second course.........
20:59:29.363 [main] INFO  - Collecting the details like title,rating,duration of course in hours.........
20:59:29.891 [main] INFO  - Storing second course data into excel sheet.........
20:59:30.386 [main] INFO  - Navigating back to parent window from child window.........
20:59:41.006 [main] INFO  - Opened application with provided URL.........
20:59:41.188 [main] INFO  - Clicking on explore.........
20:59:41.362 [main] INFO  - Going to language learning subject.........
20:59:41.538 [main] INFO  - Clicking on 'All Language Course'.........
20:59:45.780 [main] INFO  - New page will be loaded.........
20:59:46.024 [main] INFO  - Clicking on show more button under language section.........
20:59:46.325 [main] INFO  - Collecting all languages.........
20:59:47.207 [main] INFO  - Storing all languages in excel sheet.........
20:59:48.528 [main] INFO  - Clicking on close button.........
20:59:48.746 [main] INFO  - Collecting all levels .........
20:59:48.982 [main] INFO  - Storing all levels in excel sheet.........
21:00:04.869 [main] INFO  - User in bussiness page.........
21:00:05.173 [main] INFO  - Clicking on contact sales in bussiness page.........
21:00:05.203 [main] INFO  - Form will appear.........
21:00:05.389 [main] INFO  - Filling the form with any one  invalid input.........
21:00:05.389 [main] INFO  - After filling the form click on submit.........
21:00:07.139 [main] INFO  - Error message will be displayed.........
21:00:07.139 [main] INFO  - Getting that error message.........
21:00:07.354 [main] INFO  - Storing error message into excel sheet.........
09:49:14.911 [main] INFO  - [TestNG] Running:
  C:\Users\2327132\eclipse-workspace\2327132_Bindu_Identify_Courses\testng.xml

09:49:23.827 [main] INFO  - Opened application with provided URL.........
09:49:24.086 [main] INFO  - Entering the text('Web development') in search box ..........
09:49:24.086 [main] INFO  - Clicking on search button.........
09:49:28.029 [main] INFO  - Applying  English language filter.........
09:49:28.534 [main] INFO  - Applying Beginner level filter.........
09:49:29.358 [main] INFO  - The list of courses will appear.........
09:49:29.358 [main] INFO  - Clicking on the first course.........
09:49:30.643 [main] INFO  - Navigating to new window for first course.........
09:49:34.756 [main] INFO  - Collecting the details like title,rating,duration of course in hours.........
09:49:35.184 [main] INFO  - Storing first course data into excel sheet.........
09:49:36.477 [main] INFO  - Navigating back to parent window from child window.........
09:49:36.820 [main] INFO  - Clicking on the second course.........
09:49:37.205 [main] INFO  - Navigating to new window for second course.........
09:49:39.930 [main] INFO  - Collecting the details like title,rating,duration of course in hours.........
09:49:40.297 [main] INFO  - Storing second course data into excel sheet.........
09:49:40.803 [main] INFO  - Navigating back to parent window from child window.........
09:49:51.153 [main] INFO  - Opened application with provided URL.........
09:49:51.334 [main] INFO  - Clicking on explore.........
09:49:51.534 [main] INFO  - Going to language learning subject.........
09:49:51.806 [main] INFO  - Clicking on 'All Language Course'.........
09:49:55.876 [main] INFO  - New page will be loaded.........
09:49:56.059 [main] INFO  - Clicking on show more button under language section.........
09:49:56.490 [main] INFO  - Collecting all languages.........
09:49:57.640 [main] INFO  - Storing all languages in excel sheet.........
09:49:59.544 [main] INFO  - Clicking on close button.........
09:49:59.828 [main] INFO  - Collecting all levels .........
09:50:00.167 [main] INFO  - Storing all levels in excel sheet.........
09:50:16.530 [main] INFO  - User in bussiness page.........
09:50:16.766 [main] INFO  - Clicking on contact sales in bussiness page.........
09:50:16.787 [main] INFO  - Form will appear.........
09:50:16.916 [main] INFO  - Filling the form with any one  invalid input.........
09:50:16.916 [main] INFO  - After filling the form click on submit.........
09:50:18.556 [main] INFO  - Error message will be displayed.........
09:50:18.557 [main] INFO  - Getting that error message.........
09:50:18.768 [main] INFO  - Storing error message into excel sheet.........
10:01:53.966 [main] INFO  - User in bussiness page.........
10:01:54.238 [main] INFO  - Clicking on contact sales in bussiness page.........
10:01:54.266 [main] INFO  - Form will appear.........
10:01:54.407 [main] INFO  - Filling the form with any one  invalid input.........
10:01:54.407 [main] INFO  - After filling the form click on submit.........
10:01:56.433 [main] INFO  - Error message will be displayed.........
10:01:56.433 [main] INFO  - Getting that error message.........
10:01:56.644 [main] INFO  - Storing error message into excel sheet.........
10:03:56.337 [main] INFO  - [TestNG] Running:
  C:\Users\2327132\eclipse-workspace\2327132_Bindu_Identify_Courses\testng.xml

10:04:03.268 [main] INFO  - Opened application with provided URL.........
10:04:03.477 [main] INFO  - Entering the text('Web development') in search box ..........
10:04:03.477 [main] INFO  - Clicking on search button.........
10:04:07.594 [main] INFO  - Applying  English language filter.........
10:04:07.967 [main] INFO  - Applying Beginner level filter.........
10:04:08.341 [main] INFO  - The list of courses will appear.........
10:04:08.341 [main] INFO  - Clicking on the first course.........
10:04:09.215 [main] INFO  - Navigating to new window for first course.........
10:04:12.541 [main] INFO  - Collecting the details like title,rating,duration of course in hours.........
10:04:12.898 [main] INFO  - Storing first course data into excel sheet.........
10:04:13.815 [main] INFO  - Navigating back to parent window from child window.........
10:04:14.027 [main] INFO  - Clicking on the second course.........
10:04:14.283 [main] INFO  - Navigating to new window for second course.........
10:04:17.114 [main] INFO  - Collecting the details like title,rating,duration of course in hours.........
10:04:17.349 [main] INFO  - Storing second course data into excel sheet.........
10:04:17.774 [main] INFO  - Navigating back to parent window from child window.........
10:04:28.207 [main] INFO  - Opened application with provided URL.........
10:04:28.387 [main] INFO  - Clicking on explore.........
10:04:28.648 [main] INFO  - Going to language learning subject.........
10:04:28.835 [main] INFO  - Clicking on 'All Language Course'.........
10:04:33.232 [main] INFO  - New page will be loaded.........
10:04:33.386 [main] INFO  - Clicking on show more button under language section.........
10:04:33.620 [main] INFO  - Collecting all languages.........
10:04:34.359 [main] INFO  - Storing all languages in excel sheet.........
10:04:35.511 [main] INFO  - Clicking on close button.........
10:04:35.680 [main] INFO  - Collecting all levels .........
10:04:35.879 [main] INFO  - Storing all levels in excel sheet.........
10:04:51.115 [main] INFO  - User in bussiness page.........
10:04:51.352 [main] INFO  - Clicking on contact sales in bussiness page.........
10:04:51.379 [main] INFO  - Form will appear.........
10:04:51.544 [main] INFO  - Filling the form with any one  invalid input.........
10:04:51.544 [main] INFO  - After filling the form click on submit.........
10:04:52.940 [main] INFO  - Error message will be displayed.........
10:04:52.941 [main] INFO  - Getting that error message.........
10:04:53.175 [main] INFO  - Storing error message into excel sheet.........
10:05:55.144 [main] INFO  - [TestNG] Running:
  C:\Users\2327132\eclipse-workspace\2327132_Bindu_Identify_Courses\testng.xml

10:06:07.418 [main] INFO  - User in bussiness page.........
10:06:07.745 [main] INFO  - Clicking on contact sales in bussiness page.........
10:06:07.764 [main] INFO  - Form will appear.........
10:06:07.936 [main] INFO  - Filling the form with any one  invalid input.........
10:06:07.936 [main] INFO  - After filling the form click on submit.........
10:06:09.753 [main] INFO  - Error message will be displayed.........
10:06:09.753 [main] INFO  - Getting that error message.........
10:06:09.965 [main] INFO  - Storing error message into excel sheet.........
10:27:45.538 [main] INFO  - [TestNG] Running:
  C:\Users\2327132\eclipse-workspace\2327132_Bindu_Identify_Courses\testng.xml

10:27:54.927 [main] INFO  - Opened application with provided URL.........
10:27:55.212 [main] INFO  - Entering the text('Web development') in search box ..........
10:27:55.212 [main] INFO  - Clicking on search button.........
10:27:59.559 [main] INFO  - Applying  English language filter.........
10:27:59.951 [main] INFO  - Applying Beginner level filter.........
10:28:00.322 [main] INFO  - The list of courses will appear.........
10:28:00.323 [main] INFO  - Clicking on the first course.........
10:28:01.428 [main] INFO  - Navigating to new window for first course.........
10:28:05.783 [main] INFO  - Collecting the details like title,rating,duration of course in hours.........
10:28:06.485 [main] INFO  - Storing first course data into excel sheet.........
10:28:07.644 [main] INFO  - Navigating back to parent window from child window.........
10:28:07.931 [main] INFO  - Clicking on the second course.........
10:28:08.271 [main] INFO  - Navigating to new window for second course.........
10:28:11.170 [main] INFO  - Collecting the details like title,rating,duration of course in hours.........
10:28:11.633 [main] INFO  - Storing second course data into excel sheet.........
10:28:12.363 [main] INFO  - Navigating back to parent window from child window.........
10:28:23.474 [main] INFO  - Opened application with provided URL.........
10:28:23.754 [main] INFO  - Clicking on explore.........
10:28:24.127 [main] INFO  - Going to language learning subject.........
10:28:24.327 [main] INFO  - Clicking on 'All Language Course'.........
10:28:28.567 [main] INFO  - New page will be loaded.........
10:28:28.899 [main] INFO  - Clicking on show more button under language section.........
10:28:29.318 [main] INFO  - Collecting all languages.........
10:28:29.987 [main] INFO  - Storing all languages in excel sheet.........
10:28:31.642 [main] INFO  - Clicking on close button.........
10:28:31.899 [main] INFO  - Collecting all levels .........
10:28:32.244 [main] INFO  - Storing all levels in excel sheet.........
10:28:48.614 [main] INFO  - User in bussiness page.........
10:28:48.924 [main] INFO  - Clicking on contact sales in bussiness page.........
10:28:48.959 [main] INFO  - Form will appear.........
10:28:49.138 [main] INFO  - Filling the form with any one  invalid input.........
10:28:49.138 [main] INFO  - After filling the form click on submit.........
10:28:50.734 [main] INFO  - Error message will be displayed.........
10:28:50.734 [main] INFO  - Getting that error message.........
10:28:50.979 [main] INFO  - Storing error message into excel sheet.........
10:40:14.874 [main] INFO  - [TestNG] Running:
  C:\Users\2327132\eclipse-workspace\2327132_Bindu_Identify_Courses\testng.xml

10:40:22.722 [main] INFO  - Opened application with provided URL.........
10:40:22.949 [main] INFO  - Entering the text('Web development') in search box ..........
10:40:22.950 [main] INFO  - Clicking on search button.........
10:40:27.475 [main] INFO  - Applying  English language filter.........
10:40:28.299 [main] INFO  - Applying Beginner level filter.........
10:40:28.971 [main] INFO  - The list of courses will appear.........
10:40:28.972 [main] INFO  - Clicking on the first course.........
10:40:29.837 [main] INFO  - Navigating to new window for first course.........
10:40:34.105 [main] INFO  - Collecting the details like title,rating,duration of course in hours.........
10:40:34.560 [main] INFO  - Storing first course data into excel sheet.........
10:40:35.644 [main] INFO  - Navigating back to parent window from child window.........
10:40:35.944 [main] INFO  - Clicking on the second course.........
10:40:36.293 [main] INFO  - Navigating to new window for second course.........
10:40:38.953 [main] INFO  - Collecting the details like title,rating,duration of course in hours.........
10:40:39.353 [main] INFO  - Storing second course data into excel sheet.........
10:40:40.003 [main] INFO  - Navigating back to parent window from child window.........
10:40:51.824 [main] INFO  - Opened application with provided URL.........
10:40:52.006 [main] INFO  - Clicking on explore.........
10:40:52.176 [main] INFO  - Going to language learning subject.........
10:40:52.341 [main] INFO  - Clicking on 'All Language Course'.........
10:40:56.110 [main] INFO  - New page will be loaded.........
10:40:56.341 [main] INFO  - Clicking on show more button under language section.........
10:40:56.656 [main] INFO  - Collecting all languages.........
10:40:57.724 [main] INFO  - Storing all languages in excel sheet.........
10:40:59.098 [main] INFO  - Clicking on close button.........
10:40:59.332 [main] INFO  - Collecting all levels .........
10:40:59.623 [main] INFO  - Storing all levels in excel sheet.........
10:41:17.172 [main] INFO  - User in bussiness page.........
10:41:17.652 [main] INFO  - Clicking on contact sales in bussiness page.........
10:41:17.691 [main] INFO  - Form will appear.........
10:41:17.835 [main] INFO  - Filling the form with any one  invalid input.........
10:41:17.835 [main] INFO  - After filling the form click on submit.........
10:41:20.013 [main] INFO  - Error message will be displayed.........
10:41:20.013 [main] INFO  - Getting that error message.........
10:41:20.267 [main] INFO  - Storing error message into excel sheet.........
23:19:27.664 [main] INFO  - Opened application with provided URL.........
23:19:27.912 [main] INFO  - Entering the text('Web development') in search box ..........
23:19:27.912 [main] INFO  - Clicking on search button.........
23:19:38.884 [main] INFO  - Applying  English language filter.........
23:19:39.483 [main] INFO  - Applying Beginner level filter.........
23:19:40.340 [main] INFO  - The list of courses will appear.........
23:19:40.340 [main] INFO  - Clicking on the first course.........
23:19:42.958 [main] INFO  - Navigating to new window for first course.........
23:19:46.374 [main] INFO  - Collecting the details like title,rating,duration of course in hours.........
23:19:47.660 [main] INFO  - Storing first course data into excel sheet.........
23:19:50.999 [main] INFO  - Navigating back to parent window from child window.........
23:19:51.431 [main] INFO  - Clicking on the second course.........
23:19:51.918 [main] INFO  - Navigating to new window for second course.........
23:19:54.777 [main] INFO  - Collecting the details like title,rating,duration of course in hours.........
23:19:55.441 [main] INFO  - Storing second course data into excel sheet.........
23:19:55.904 [main] INFO  - Navigating back to parent window from child window.........
23:20:46.902 [main] INFO  - Opened application with provided URL.........
23:20:47.569 [main] INFO  - Clicking on explore.........
23:20:48.204 [main] INFO  - Going to language learning subject.........
23:20:48.471 [main] INFO  - Clicking on 'All Language Course'.........
23:20:54.566 [main] INFO  - New page will be loaded.........
23:20:54.933 [main] INFO  - Clicking on show more button under language section.........
23:20:55.549 [main] INFO  - Collecting all languages.........
23:20:56.769 [main] INFO  - Storing all languages in excel sheet.........
23:20:59.867 [main] INFO  - Clicking on close button.........
23:21:00.151 [main] INFO  - Collecting all levels .........
23:21:00.516 [main] INFO  - Storing all levels in excel sheet.........
23:21:53.406 [main] INFO  - User in bussiness page.........
23:21:53.748 [main] INFO  - Clicking on contact sales in bussiness page.........
23:21:53.790 [main] INFO  - Form will appear.........
23:21:53.985 [main] INFO  - Filling the form with any one  invalid input.........
23:21:53.985 [main] INFO  - After filling the form click on submit.........
23:21:56.306 [main] INFO  - Error message will be displayed.........
23:21:56.306 [main] INFO  - Getting that error message.........
23:21:56.546 [main] INFO  - Storing error message into excel sheet.........
23:26:26.033 [main] INFO  - Opened application with provided URL.........
23:26:26.356 [main] INFO  - Entering the text('Web development') in search box ..........
23:26:26.356 [main] INFO  - Clicking on search button.........
23:26:31.193 [main] INFO  - Applying  English language filter.........
23:26:31.750 [main] INFO  - Applying Beginner level filter.........
23:26:32.441 [main] INFO  - The list of courses will appear.........
23:26:32.441 [main] INFO  - Clicking on the first course.........
23:26:33.827 [main] INFO  - Navigating to new window for first course.........
23:26:37.256 [main] INFO  - Collecting the details like title,rating,duration of course in hours.........
23:26:37.737 [main] INFO  - Storing first course data into excel sheet.........
23:26:41.094 [main] INFO  - Navigating back to parent window from child window.........
23:26:41.492 [main] INFO  - Clicking on the second course.........
23:26:41.902 [main] INFO  - Navigating to new window for second course.........
23:26:46.093 [main] INFO  - Collecting the details like title,rating,duration of course in hours.........
23:26:46.455 [main] INFO  - Storing second course data into excel sheet.........
23:26:46.994 [main] INFO  - Navigating back to parent window from child window.........
23:27:27.867 [main] INFO  - Opened application with provided URL.........
23:27:28.058 [main] INFO  - Clicking on explore.........
23:27:28.399 [main] INFO  - Going to language learning subject.........
23:27:28.614 [main] INFO  - Clicking on 'All Language Course'.........
23:27:32.512 [main] INFO  - New page will be loaded.........
23:27:32.738 [main] INFO  - Clicking on show more button under language section.........
23:27:33.075 [main] INFO  - Collecting all languages.........
23:27:33.984 [main] INFO  - Storing all languages in excel sheet.........
23:27:37.806 [main] INFO  - Clicking on close button.........
23:27:38.042 [main] INFO  - Collecting all levels .........
23:27:38.307 [main] INFO  - Storing all levels in excel sheet.........
23:28:27.885 [main] INFO  - User in bussiness page.........
23:28:28.285 [main] INFO  - Clicking on contact sales in bussiness page.........
23:28:28.331 [main] INFO  - Form will appear.........
23:28:28.519 [main] INFO  - Filling the form with any one  invalid input.........
23:28:28.519 [main] INFO  - After filling the form click on submit.........
23:28:30.070 [main] INFO  - Error message will be displayed.........
23:28:30.070 [main] INFO  - Getting that error message.........
23:28:30.303 [main] INFO  - Storing error message into excel sheet.........
23:31:31.523 [main] INFO  - Opened application with provided URL.........
23:31:31.715 [main] INFO  - Entering the text('Web development') in search box ..........
23:31:31.715 [main] INFO  - Clicking on search button.........
23:31:38.949 [main] INFO  - Applying  English language filter.........
23:31:39.410 [main] INFO  - Applying Beginner level filter.........
23:31:39.929 [main] INFO  - The list of courses will appear.........
23:31:39.930 [main] INFO  - Clicking on the first course.........
23:31:41.144 [main] INFO  - Navigating to new window for first course.........
23:31:45.661 [main] INFO  - Collecting the details like title,rating,duration of course in hours.........
23:31:46.201 [main] INFO  - Storing first course data into excel sheet.........
23:31:47.732 [main] INFO  - Navigating back to parent window from child window.........
23:31:48.092 [main] INFO  - Clicking on the second course.........
23:31:48.552 [main] INFO  - Navigating to new window for second course.........
23:31:51.317 [main] INFO  - Collecting the details like title,rating,duration of course in hours.........
23:31:51.986 [main] INFO  - Storing second course data into excel sheet.........
23:31:52.540 [main] INFO  - Navigating back to parent window from child window.........
23:33:49.419 [main] INFO  - Opened application with provided URL.........
23:33:49.652 [main] INFO  - Entering the text('Web development') in search box ..........
23:33:49.652 [main] INFO  - Clicking on search button.........
23:33:54.283 [main] INFO  - Applying  English language filter.........
23:33:54.713 [main] INFO  - Applying Beginner level filter.........
23:33:55.749 [main] INFO  - The list of courses will appear.........
23:33:55.749 [main] INFO  - Clicking on the first course.........
23:33:56.990 [main] INFO  - Navigating to new window for first course.........
23:34:00.384 [main] INFO  - Collecting the details like title,rating,duration of course in hours.........
23:34:00.810 [main] INFO  - Storing first course data into excel sheet.........
23:34:02.103 [main] INFO  - Navigating back to parent window from child window.........
23:34:02.398 [main] INFO  - Clicking on the second course.........
23:34:02.729 [main] INFO  - Navigating to new window for second course.........
23:34:05.409 [main] INFO  - Collecting the details like title,rating,duration of course in hours.........
23:34:05.722 [main] INFO  - Storing second course data into excel sheet.........
23:34:06.413 [main] INFO  - Navigating back to parent window from child window.........
23:34:22.867 [main] INFO  - Opened application with provided URL.........
23:34:23.184 [main] INFO  - Clicking on explore.........
23:34:23.466 [main] INFO  - Going to language learning subject.........
23:34:23.750 [main] INFO  - Clicking on 'All Language Course'.........
23:34:31.148 [main] INFO  - New page will be loaded.........
23:34:31.341 [main] INFO  - Clicking on show more button under language section.........
23:34:31.864 [main] INFO  - Collecting all languages.........
23:34:32.543 [main] INFO  - Storing all languages in excel sheet.........
23:34:33.740 [main] INFO  - Clicking on close button.........
23:34:33.983 [main] INFO  - Collecting all levels .........
23:34:34.296 [main] INFO  - Storing all levels in excel sheet.........
23:34:57.905 [main] INFO  - User in bussiness page.........
23:34:58.215 [main] INFO  - Clicking on contact sales in bussiness page.........
23:34:58.251 [main] INFO  - Form will appear.........
23:34:58.408 [main] INFO  - Filling the form with any one  invalid input.........
23:34:58.408 [main] INFO  - After filling the form click on submit.........
23:34:59.906 [main] INFO  - Error message will be displayed.........
23:34:59.906 [main] INFO  - Getting that error message.........
23:35:00.175 [main] INFO  - Storing error message into excel sheet.........
23:37:34.764 [main] INFO  - Opened application with provided URL.........
23:37:34.997 [main] INFO  - Entering the text('Web development') in search box ..........
23:37:34.997 [main] INFO  - Clicking on search button.........
23:37:39.912 [main] INFO  - Applying  English language filter.........
23:37:40.290 [main] INFO  - Applying Beginner level filter.........
23:37:40.551 [main] INFO  - The list of courses will appear.........
23:37:40.551 [main] INFO  - Clicking on the first course.........
23:37:41.914 [main] INFO  - Navigating to new window for first course.........
23:37:47.760 [main] INFO  - Collecting the details like title,rating,duration of course in hours.........
23:37:48.457 [main] INFO  - Storing first course data into excel sheet.........
23:37:51.817 [main] INFO  - Navigating back to parent window from child window.........
23:37:52.176 [main] INFO  - Clicking on the second course.........
23:37:52.617 [main] INFO  - Navigating to new window for second course.........
23:37:58.571 [main] INFO  - Collecting the details like title,rating,duration of course in hours.........
23:37:58.963 [main] INFO  - Storing second course data into excel sheet.........
23:37:59.576 [main] INFO  - Navigating back to parent window from child window.........
23:38:47.040 [main] INFO  - Opened application with provided URL.........
23:38:47.335 [main] INFO  - Clicking on explore.........
23:38:47.595 [main] INFO  - Going to language learning subject.........
23:38:47.836 [main] INFO  - Clicking on 'All Language Course'.........
23:38:52.853 [main] INFO  - New page will be loaded.........
23:38:53.071 [main] INFO  - Clicking on show more button under language section.........
23:38:53.451 [main] INFO  - Collecting all languages.........
23:38:54.472 [main] INFO  - Storing all languages in excel sheet.........
23:38:55.738 [main] INFO  - Clicking on close button.........
23:38:55.940 [main] INFO  - Collecting all levels .........
23:38:56.177 [main] INFO  - Storing all levels in excel sheet.........
23:39:51.466 [main] INFO  - User in bussiness page.........
23:39:51.844 [main] INFO  - Clicking on contact sales in bussiness page.........
23:39:51.887 [main] INFO  - Form will appear.........
23:39:52.061 [main] INFO  - Filling the form with any one  invalid input.........
23:39:52.061 [main] INFO  - After filling the form click on submit.........
23:39:53.618 [main] INFO  - Error message will be displayed.........
23:39:53.618 [main] INFO  - Getting that error message.........
23:39:53.853 [main] INFO  - Storing error message into excel sheet.........
08:49:39.746 [main] INFO  - [TestNG] Running:
  C:\Users\2327132\eclipse-workspace\2327132_Bindu_Identify_Courses\testng.xml

08:49:54.488 [main] INFO  - Opened application with provided URL.........
08:49:54.847 [main] INFO  - Entering the text('Web development') in search box ..........
08:49:54.847 [main] INFO  - Clicking on search button.........
08:50:00.092 [main] INFO  - Applying  English language filter.........
08:50:00.727 [main] INFO  - Applying Beginner level filter.........
08:50:01.371 [main] INFO  - The list of courses will appear.........
08:50:01.371 [main] INFO  - Clicking on the first course.........
08:50:03.306 [main] INFO  - Navigating to new window for first course.........
08:50:06.819 [main] INFO  - Collecting the details like title,rating,duration of course in hours.........
08:50:08.034 [main] INFO  - Storing first course data into excel sheet.........
08:50:09.801 [main] INFO  - Navigating back to parent window from child window.........
08:50:10.164 [main] INFO  - Clicking on the second course.........
08:50:10.687 [main] INFO  - Navigating to new window for second course.........
08:50:13.883 [main] INFO  - Collecting the details like title,rating,duration of course in hours.........
08:50:14.454 [main] INFO  - Storing second course data into excel sheet.........
08:50:15.330 [main] INFO  - Navigating back to parent window from child window.........
08:50:32.885 [main] INFO  - Opened application with provided URL.........
08:50:33.152 [main] INFO  - Clicking on explore.........
08:50:33.376 [main] INFO  - Going to language learning subject.........
08:50:33.622 [main] INFO  - Clicking on 'All Language Course'.........
08:50:38.326 [main] INFO  - New page will be loaded.........
08:50:38.598 [main] INFO  - Clicking on show more button under language section.........
08:50:38.983 [main] INFO  - Collecting all languages.........
08:50:40.335 [main] INFO  - Storing all languages in excel sheet.........
08:50:42.281 [main] INFO  - Clicking on close button.........
08:50:42.529 [main] INFO  - Collecting all levels .........
08:50:42.866 [main] INFO  - Storing all levels in excel sheet.........
08:51:03.458 [main] INFO  - User in bussiness page.........
08:51:03.843 [main] INFO  - Clicking on contact sales in bussiness page.........
08:51:03.883 [main] INFO  - Form will appear.........
08:51:04.119 [main] INFO  - Filling the form with any one  invalid input.........
08:51:04.119 [main] INFO  - After filling the form click on submit.........
08:51:06.352 [main] INFO  - Error message will be displayed.........
08:51:06.352 [main] INFO  - Getting that error message.........
08:51:06.551 [main] INFO  - Storing error message into excel sheet.........
19:09:29.847 [main] INFO  - [Utils] MethodGroupsHelper.collectMethodsByGroup() took 0 ms.
19:09:29.856 [main] INFO  - [Utils] MethodGroupsHelper.sortMethods() took 4 ms.
19:09:29.857 [main] INFO  - [Utils] MethodGroupsHelper.collectMethodsByGroup() took 0 ms.
19:09:29.858 [main] INFO  - [Utils] MethodGroupsHelper.sortMethods() took 0 ms.
19:09:29.858 [main] INFO  - [Utils] MethodGroupsHelper.collectMethodsByGroup() took 0 ms.
19:09:29.858 [main] INFO  - [Utils] MethodGroupsHelper.sortMethods() took 0 ms.
19:09:29.858 [main] INFO  - [Utils] MethodGroupsHelper.collectMethodsByGroup() took 0 ms.
19:09:29.859 [main] INFO  - [Utils] MethodGroupsHelper.sortMethods() took 0 ms.
19:09:29.859 [main] INFO  - [Utils] MethodGroupsHelper.collectMethodsByGroup() took 0 ms.
19:09:29.870 [main] INFO  - [Utils] MethodGroupsHelper.sortMethods() took 11 ms.
19:09:29.874 [main] INFO  - [Utils] MethodGroupsHelper.collectMethodsByGroup() took 2 ms.
19:09:29.881 [main] INFO  - [Utils] MethodGroupsHelper.sortMethods() took 6 ms.
19:09:29.882 [main] WARN  - Detected a static method [testRunner.TestRunner.writeExtentReport()]. Static configuration methods can cause unexpected behavior.
19:09:29.883 [main] INFO  - [Utils] MethodGroupsHelper.collectMethodsByGroup() took 0 ms.
19:09:29.883 [main] INFO  - [Utils] MethodGroupsHelper.sortMethods() took 0 ms.
19:09:29.883 [main] INFO  - [Utils] MethodGroupsHelper.collectMethodsByGroup() took 0 ms.
19:09:29.883 [main] INFO  - [Utils] MethodGroupsHelper.sortMethods() took 0 ms.
19:09:29.885 [main] INFO  - [Utils] MethodGroupsHelper.collectMethodsByGroup() took 0 ms.
19:09:29.885 [main] INFO  - [Utils] MethodGroupsHelper.sortMethods() took 0 ms.
19:09:29.885 [main] INFO  - [Utils] MethodGroupsHelper.collectMethodsByGroup() took 0 ms.
19:09:29.886 [main] INFO  - [Utils] MethodGroupsHelper.sortMethods() took 0 ms.
19:09:29.886 [main] INFO  - [Utils] MethodGroupsHelper.collectMethodsByGroup() took 0 ms.
19:09:29.886 [main] INFO  - [Utils] MethodGroupsHelper.sortMethods() took 0 ms.
19:09:29.886 [main] INFO  - [Utils] MethodGroupsHelper.collectMethodsByGroup() took 0 ms.
19:09:29.886 [main] INFO  - [Utils] MethodGroupsHelper.sortMethods() took 0 ms.
19:09:29.887 [main] INFO  - [Utils] MethodGroupsHelper.collectMethodsByGroup() took 0 ms.
19:09:29.888 [main] INFO  - [Utils] MethodGroupsHelper.sortMethods() took 0 ms.
19:09:29.888 [main] INFO  - [Utils] MethodGroupsHelper.collectMethodsByGroup() took 0 ms.
19:09:29.888 [main] INFO  - [Utils] MethodGroupsHelper.sortMethods() took 0 ms.
19:09:29.888 [main] INFO  - [Utils] MethodGroupsHelper.collectMethodsByGroup() took 0 ms.
19:09:29.889 [main] INFO  - [Utils] MethodGroupsHelper.sortMethods() took 0 ms.
19:09:29.895 [main] INFO  - [TestNG] Running:
  C:\Users\2327132\AppData\Local\Temp\testng-eclipse--2014740180\testng-customsuite.xml

19:09:29.912 [main] INFO  - [Utils] DynamicGraphHelper.createDynamicGraph() took 4 ms.
19:09:30.008 [main] WARN  - The test method 'io.cucumber.testng.AbstractTestNGCucumberTests.runScenario' will be skipped since its data provider 'scenarios' returned an empty array or iterator. 
19:09:30.172 [main] INFO  - [TestNG] Time taken by org.testng.reporters.jq.Main@5bb3d42d: 78 ms
19:09:30.173 [main] INFO  - [TestNG] Time taken by org.testng.reporters.FailedReporter@5bf61e67: 1 ms
19:09:30.191 [main] INFO  - [TestNG] Time taken by org.testng.reporters.XMLReporter@73e132e0: 17 ms
19:09:30.202 [main] INFO  - [TestNG] Time taken by org.testng.reporters.EmailableReporter2@2392212b: 11 ms
19:09:30.211 [main] INFO  - [TestNG] Time taken by org.testng.reporters.JUnitReportReporter@6594402a: 8 ms
19:09:30.211 [main] INFO  - [TestNG] Time taken by org.testng.internal.ExitCodeListener@30f4b1a6: 0 ms
19:12:50.628 [main] INFO  - [Utils] MethodGroupsHelper.collectMethodsByGroup() took 1 ms.
19:12:50.635 [main] INFO  - [Utils] MethodGroupsHelper.sortMethods() took 1 ms.
19:12:50.638 [main] INFO  - [Utils] MethodGroupsHelper.collectMethodsByGroup() took 0 ms.
19:12:50.639 [main] INFO  - [Utils] MethodGroupsHelper.sortMethods() took 0 ms.
19:12:50.639 [main] INFO  - [Utils] MethodGroupsHelper.collectMethodsByGroup() took 0 ms.
19:12:50.639 [main] INFO  - [Utils] MethodGroupsHelper.sortMethods() took 0 ms.
19:12:50.640 [main] INFO  - [Utils] MethodGroupsHelper.collectMethodsByGroup() took 0 ms.
19:12:50.640 [main] INFO  - [Utils] MethodGroupsHelper.sortMethods() took 0 ms.
19:12:50.641 [main] INFO  - [Utils] MethodGroupsHelper.collectMethodsByGroup() took 0 ms.
19:12:50.655 [main] INFO  - [Utils] MethodGroupsHelper.sortMethods() took 13 ms.
19:12:50.656 [main] INFO  - [Utils] MethodGroupsHelper.collectMethodsByGroup() took 0 ms.
19:12:50.657 [main] INFO  - [Utils] MethodGroupsHelper.sortMethods() took 0 ms.
19:12:50.657 [main] INFO  - [Utils] MethodGroupsHelper.collectMethodsByGroup() took 0 ms.
19:12:50.657 [main] INFO  - [Utils] MethodGroupsHelper.sortMethods() took 0 ms.
19:12:50.658 [main] INFO  - [Utils] MethodGroupsHelper.collectMethodsByGroup() took 0 ms.
19:12:50.658 [main] INFO  - [Utils] MethodGroupsHelper.sortMethods() took 0 ms.
19:12:50.659 [main] INFO  - [Utils] MethodGroupsHelper.collectMethodsByGroup() took 0 ms.
19:12:50.659 [main] INFO  - [Utils] MethodGroupsHelper.sortMethods() took 0 ms.
19:12:50.660 [main] INFO  - [Utils] MethodGroupsHelper.collectMethodsByGroup() took 0 ms.
19:12:50.660 [main] INFO  - [Utils] MethodGroupsHelper.sortMethods() took 0 ms.
19:12:50.660 [main] INFO  - [Utils] MethodGroupsHelper.collectMethodsByGroup() took 0 ms.
19:12:50.660 [main] INFO  - [Utils] MethodGroupsHelper.sortMethods() took 0 ms.
19:12:50.661 [main] INFO  - [Utils] MethodGroupsHelper.collectMethodsByGroup() took 0 ms.
19:12:50.661 [main] INFO  - [Utils] MethodGroupsHelper.sortMethods() took 0 ms.
19:12:50.664 [main] INFO  - [Utils] MethodGroupsHelper.collectMethodsByGroup() took 3 ms.
19:12:50.664 [main] INFO  - [Utils] MethodGroupsHelper.sortMethods() took 0 ms.
19:12:50.665 [main] INFO  - [Utils] MethodGroupsHelper.collectMethodsByGroup() took 0 ms.
19:12:50.665 [main] INFO  - [Utils] MethodGroupsHelper.sortMethods() took 0 ms.
19:12:50.665 [main] INFO  - [Utils] MethodGroupsHelper.collectMethodsByGroup() took 0 ms.
19:12:50.665 [main] INFO  - [Utils] MethodGroupsHelper.sortMethods() took 0 ms.
19:12:50.674 [main] INFO  - [TestNG] Running:
  C:\Users\2327132\AppData\Local\Temp\testng-eclipse--78159404\testng-customsuite.xml

19:12:50.689 [main] INFO  - [Utils] DynamicGraphHelper.createDynamicGraph() took 3 ms.
19:12:59.340 [main] INFO  - Opened application with provided URL.........
19:12:59.549 [main] INFO  - Entering the text('Web development') in search box ..........
19:12:59.549 [main] INFO  - Clicking on search button.........
19:13:03.994 [main] INFO  - Applying  English language filter.........
19:13:04.390 [main] INFO  - Applying Beginner level filter.........
19:13:04.782 [main] INFO  - The list of courses will appear.........
19:13:04.782 [main] INFO  - Clicking on the first course.........
19:13:05.920 [main] INFO  - Navigating to new window for first course.........
19:13:09.250 [main] INFO  - Collecting the details like title,rating,duration of course in hours.........
19:13:09.614 [main] INFO  - Storing first course data into excel sheet.........
19:13:10.876 [main] INFO  - Navigating back to parent window from child window.........
19:13:11.221 [main] INFO  - Clicking on the second course.........
19:13:11.628 [main] INFO  - Navigating to new window for second course.........
19:13:14.327 [main] INFO  - Collecting the details like title,rating,duration of course in hours.........
19:13:14.632 [main] INFO  - Storing second course data into excel sheet.........
19:13:15.314 [main] INFO  - Navigating back to parent window from child window.........
19:13:26.650 [main] INFO  - Opened application with provided URL.........
19:13:26.932 [main] INFO  - Clicking on explore.........
19:13:27.141 [main] INFO  - Going to language learning subject.........
19:13:27.339 [main] INFO  - Clicking on 'All Language Course'.........
19:13:31.707 [main] INFO  - New page will be loaded.........
19:13:31.985 [main] INFO  - Clicking on show more button under language section.........
19:13:32.414 [main] INFO  - Collecting all languages.........
19:13:33.302 [main] INFO  - Storing all languages in excel sheet.........
19:13:35.205 [main] INFO  - Clicking on close button.........
19:13:35.450 [main] INFO  - Collecting all levels .........
19:13:35.883 [main] INFO  - Storing all levels in excel sheet.........
19:13:55.178 [main] INFO  - User in bussiness page.........
19:13:55.526 [main] INFO  - Clicking on contact sales in bussiness page.........
19:13:55.565 [main] INFO  - Form will appear.........
19:13:55.794 [main] INFO  - Filling the form with any one  invalid input.........
19:13:55.794 [main] INFO  - After filling the form click on submit.........
19:13:57.968 [main] INFO  - Error message will be displayed.........
19:13:57.968 [main] INFO  - Getting that error message.........
19:13:58.199 [main] INFO  - Storing error message into excel sheet.........
19:14:24.266 [main] INFO  - [TestNG] Time taken by org.testng.reporters.jq.Main@4fef4f96: 80 ms
19:14:24.266 [main] INFO  - [TestNG] Time taken by org.testng.reporters.FailedReporter@7c871ce4: 0 ms
19:14:24.278 [main] INFO  - [TestNG] Time taken by org.testng.reporters.XMLReporter@4be1dce6: 11 ms
19:14:24.286 [main] INFO  - [TestNG] Time taken by org.testng.reporters.EmailableReporter2@699bb304: 8 ms
19:14:24.294 [main] INFO  - [TestNG] Time taken by org.testng.reporters.JUnitReportReporter@43fbc2bf: 8 ms
19:14:24.294 [main] INFO  - [TestNG] Time taken by org.testng.internal.ExitCodeListener@2c978637: 0 ms
19:23:13.932 [main] INFO  - [TestNG] Running:
  C:\Users\2327132\eclipse-workspace\2327132_Bindu_Identify_Courses\testng.xml

19:23:22.520 [main] INFO  - Opened application with provided URL.........
19:23:22.696 [main] INFO  - Entering the text('Web development') in search box ..........
19:23:22.696 [main] INFO  - Clicking on search button.........
19:23:27.243 [main] INFO  - Applying  English language filter.........
19:23:27.684 [main] INFO  - Applying Beginner level filter.........
19:23:28.068 [main] INFO  - The list of courses will appear.........
19:23:28.068 [main] INFO  - Clicking on the first course.........
19:23:29.205 [main] INFO  - Navigating to new window for first course.........
19:23:32.702 [main] INFO  - Collecting the details like title,rating,duration of course in hours.........
19:23:33.277 [main] INFO  - Storing first course data into excel sheet.........
19:23:34.759 [main] INFO  - Navigating back to parent window from child window.........
19:23:35.112 [main] INFO  - Clicking on the second course.........
19:23:35.427 [main] INFO  - Navigating to new window for second course.........
19:23:39.507 [main] INFO  - Collecting the details like title,rating,duration of course in hours.........
19:23:39.807 [main] INFO  - Storing second course data into excel sheet.........
19:23:40.317 [main] INFO  - Navigating back to parent window from child window.........
19:23:51.885 [main] INFO  - Opened application with provided URL.........
19:23:52.099 [main] INFO  - Clicking on explore.........
19:23:52.449 [main] INFO  - Going to language learning subject.........
19:23:52.632 [main] INFO  - Clicking on 'All Language Course'.........
19:23:57.154 [main] INFO  - New page will be loaded.........
19:23:57.415 [main] INFO  - Clicking on show more button under language section.........
19:23:57.899 [main] INFO  - Collecting all languages.........
19:23:58.611 [main] INFO  - Storing all languages in excel sheet.........
19:23:59.972 [main] INFO  - Clicking on close button.........
19:24:00.221 [main] INFO  - Collecting all levels .........
19:24:00.541 [main] INFO  - Storing all levels in excel sheet.........
19:24:16.602 [main] INFO  - User in bussiness page.........
19:24:16.877 [main] INFO  - Clicking on contact sales in bussiness page.........
19:24:16.911 [main] INFO  - Form will appear.........
19:24:17.070 [main] INFO  - Filling the form with any one  invalid input.........
19:24:17.070 [main] INFO  - After filling the form click on submit.........
19:24:18.678 [main] INFO  - Error message will be displayed.........
19:24:18.679 [main] INFO  - Getting that error message.........
19:24:18.885 [main] INFO  - Storing error message into excel sheet.........
19:26:49.345 [main] INFO  - [TestNG] Running:
  C:\Users\2327132\eclipse-workspace\2327132_Bindu_Identify_Courses\testng.xml

19:26:58.269 [main] INFO  - Opened application with provided URL.........
19:26:58.693 [main] INFO  - Entering the text('Web development') in search box ..........
19:26:58.693 [main] INFO  - Clicking on search button.........
19:27:03.087 [main] INFO  - Applying  English language filter.........
19:27:03.581 [main] INFO  - Applying Beginner level filter.........
19:27:04.082 [main] INFO  - The list of courses will appear.........
19:27:04.082 [main] INFO  - Clicking on the first course.........
19:27:05.234 [main] INFO  - Navigating to new window for first course.........
19:27:10.240 [main] INFO  - Collecting the details like title,rating,duration of course in hours.........
19:27:10.712 [main] INFO  - Storing first course data into excel sheet.........
19:27:11.865 [main] INFO  - Navigating back to parent window from child window.........
19:27:12.147 [main] INFO  - Clicking on the second course.........
19:27:12.481 [main] INFO  - Navigating to new window for second course.........
19:27:17.502 [main] INFO  - Collecting the details like title,rating,duration of course in hours.........
19:27:17.802 [main] INFO  - Storing second course data into excel sheet.........
19:27:18.376 [main] INFO  - Navigating back to parent window from child window.........
19:27:28.701 [main] INFO  - Opened application with provided URL.........
19:27:28.915 [main] INFO  - Clicking on explore.........
19:27:29.110 [main] INFO  - Going to language learning subject.........
19:27:29.320 [main] INFO  - Clicking on 'All Language Course'.........
19:27:33.415 [main] INFO  - New page will be loaded.........
19:27:33.617 [main] INFO  - Clicking on show more button under language section.........
19:27:34.170 [main] INFO  - Collecting all languages.........
19:27:34.855 [main] INFO  - Storing all languages in excel sheet.........
19:27:36.183 [main] INFO  - Clicking on close button.........
19:27:36.409 [main] INFO  - Collecting all levels .........
19:27:36.677 [main] INFO  - Storing all levels in excel sheet.........
19:27:52.404 [main] INFO  - User in bussiness page.........
19:27:52.681 [main] INFO  - Clicking on contact sales in bussiness page.........
19:27:52.717 [main] INFO  - Form will appear.........
19:27:52.874 [main] INFO  - Filling the form with any one  invalid input.........
19:27:52.875 [main] INFO  - After filling the form click on submit.........
19:27:54.485 [main] INFO  - Error message will be displayed.........
19:27:54.485 [main] INFO  - Getting that error message.........
19:27:54.715 [main] INFO  - Storing error message into excel sheet.........
19:28:42.812 [main] INFO  - [TestNG] Running:
  C:\Users\2327132\eclipse-workspace\2327132_Bindu_Identify_Courses\testng.xml

19:28:50.726 [main] INFO  - Opened application with provided URL.........
19:28:50.940 [main] INFO  - Entering the text('Web development') in search box ..........
19:28:50.940 [main] INFO  - Clicking on search button.........
19:28:54.958 [main] INFO  - Applying  English language filter.........
19:28:55.567 [main] INFO  - Applying Beginner level filter.........
19:28:56.245 [main] INFO  - The list of courses will appear.........
19:28:56.246 [main] INFO  - Clicking on the first course.........
19:28:57.819 [main] INFO  - Navigating to new window for first course.........
19:29:01.403 [main] INFO  - Collecting the details like title,rating,duration of course in hours.........
19:29:02.232 [main] INFO  - Storing first course data into excel sheet.........
19:29:03.527 [main] INFO  - Navigating back to parent window from child window.........
19:29:03.893 [main] INFO  - Clicking on the second course.........
19:29:04.403 [main] INFO  - Navigating to new window for second course.........
19:29:07.353 [main] INFO  - Collecting the details like title,rating,duration of course in hours.........
19:29:07.875 [main] INFO  - Storing second course data into excel sheet.........
19:29:08.291 [main] INFO  - Navigating back to parent window from child window.........
19:29:19.507 [main] INFO  - Opened application with provided URL.........
19:29:19.712 [main] INFO  - Clicking on explore.........
19:29:19.999 [main] INFO  - Going to language learning subject.........
19:29:20.208 [main] INFO  - Clicking on 'All Language Course'.........
19:29:25.884 [main] INFO  - New page will be loaded.........
19:29:26.127 [main] INFO  - Clicking on show more button under language section.........
19:29:26.418 [main] INFO  - Collecting all languages.........
19:29:27.434 [main] INFO  - Storing all languages in excel sheet.........
19:29:29.129 [main] INFO  - Clicking on close button.........
19:29:29.378 [main] INFO  - Collecting all levels .........
19:29:29.668 [main] INFO  - Storing all levels in excel sheet.........
19:30:58.406 [main] INFO  - [TestNG] Running:
  C:\Users\2327132\eclipse-workspace\2327132_Bindu_Identify_Courses\testng.xml

19:31:08.306 [main] INFO  - Opened application with provided URL.........
19:31:08.496 [main] INFO  - Entering the text('Web development') in search box ..........
19:31:08.496 [main] INFO  - Clicking on search button.........
19:31:12.962 [main] INFO  - Applying  English language filter.........
19:31:13.421 [main] INFO  - Applying Beginner level filter.........
19:31:13.948 [main] INFO  - The list of courses will appear.........
19:31:13.948 [main] INFO  - Clicking on the first course.........
19:31:15.082 [main] INFO  - Navigating to new window for first course.........
19:31:18.182 [main] INFO  - Collecting the details like title,rating,duration of course in hours.........
19:31:18.633 [main] INFO  - Storing first course data into excel sheet.........
19:31:19.779 [main] INFO  - Navigating back to parent window from child window.........
19:31:20.080 [main] INFO  - Clicking on the second course.........
19:31:20.407 [main] INFO  - Navigating to new window for second course.........
19:31:23.227 [main] INFO  - Collecting the details like title,rating,duration of course in hours.........
19:31:24.130 [main] INFO  - Storing second course data into excel sheet.........
19:31:24.718 [main] INFO  - Navigating back to parent window from child window.........
19:31:35.003 [main] INFO  - Opened application with provided URL.........
19:31:35.201 [main] INFO  - Clicking on explore.........
19:31:35.404 [main] INFO  - Going to language learning subject.........
19:31:35.570 [main] INFO  - Clicking on 'All Language Course'.........
19:31:40.095 [main] INFO  - New page will be loaded.........
19:31:40.326 [main] INFO  - Clicking on show more button under language section.........
19:31:40.800 [main] INFO  - Collecting all languages.........
19:31:41.546 [main] INFO  - Storing all languages in excel sheet.........
19:31:43.049 [main] INFO  - Clicking on close button.........
19:31:43.246 [main] INFO  - Collecting all levels .........
19:31:43.540 [main] INFO  - Storing all levels in excel sheet.........
19:32:00.060 [main] INFO  - User in bussiness page.........
19:32:00.372 [main] INFO  - Clicking on contact sales in bussiness page.........
19:32:00.392 [main] INFO  - Form will appear.........
19:32:00.569 [main] INFO  - Filling the form with any one  invalid input.........
19:32:00.569 [main] INFO  - After filling the form click on submit.........
19:32:01.987 [main] INFO  - Error message will be displayed.........
19:32:01.988 [main] INFO  - Getting that error message.........
